[    0.000000] Initializing cgroup subsys cpuset
[    0.000000] Initializing cgroup subsys cpu
[    0.000000] Initializing cgroup subsys cpuacct
[    0.000000] Linux version 4.4.0-141-generic (buildd@lcy01-amd64-006) (gcc version 5.4.0 20160609 (Ubuntu 5.4.0-6ubuntu1~16.04.10) ) #167-Ubuntu SMP Wed Dec 5 10:40:15 UTC 2018 (Ubuntu 4.4.0-141.167-generic 4.4.162)
[    0.000000] Command line: BOOT_IMAGE=/boot/vmlinuz-4.4.0-141-generic root=LABEL=cloudimg-rootfs ro console=tty1 console=ttyS0
[    0.000000] KERNEL supported cpus:
[    0.000000]   Intel GenuineIntel
[    0.000000]   AMD AuthenticAMD
[    0.000000]   Centaur CentaurHauls
[    0.000000] x86/fpu: xstate_offset[2]:  576, xstate_sizes[2]:  256
[    0.000000] x86/fpu: Supporting XSAVE feature 0x01: 'x87 floating point registers'
[    0.000000] x86/fpu: Supporting XSAVE feature 0x02: 'SSE registers'
[    0.000000] x86/fpu: Supporting XSAVE feature 0x04: 'AVX registers'
[    0.000000] x86/fpu: Enabled xstate features 0x7, context size is 832 bytes, using 'standard' format.
[    0.000000] e820: BIOS-provided physical RAM map:
[    0.000000] BIOS-e820: [mem 0x0000000000000000-0x000000000009fbff] usable
[    0.000000] BIOS-e820: [mem 0x000000000009fc00-0x000000000009ffff] reserved
[    0.000000] BIOS-e820: [mem 0x00000000000f0000-0x00000000000fffff] reserved
[    0.000000] BIOS-e820: [mem 0x0000000000100000-0x000000007ffeffff] usable
[    0.000000] BIOS-e820: [mem 0x000000007fff0000-0x000000007fffffff] ACPI data
[    0.000000] BIOS-e820: [mem 0x00000000fec00000-0x00000000fec00fff] reserved
[    0.000000] BIOS-e820: [mem 0x00000000fee00000-0x00000000fee00fff] reserved
[    0.000000] BIOS-e820: [mem 0x00000000fffc0000-0x00000000ffffffff] reserved
[    0.000000] NX (Execute Disable) protection: active
[    0.000000] SMBIOS 2.5 present.
[    0.000000] Hypervisor detected: KVM
[    0.000000] e820: last_pfn = 0x7fff0 max_arch_pfn = 0x400000000
[    0.000000] MTRR: Disabled
[    0.000000] x86/PAT: MTRRs disabled, skipping PAT initialization too.
[    0.000000] CPU MTRRs all blank - virtualized system.
[    0.000000] x86/PAT: Configuration [0-7]: WB  WT  UC- UC  WB  WT  UC- UC  
[    0.000000] found SMP MP-table at [mem 0x0009fff0-0x0009ffff] mapped at [ffff88000009fff0]
[    0.000000] Scanning 1 areas for low memory corruption
[    0.000000] RAMDISK: [mem 0x36308000-0x3717bfff]
[    0.000000] ACPI: Early table checksum verification disabled
[    0.000000] ACPI: RSDP 0x00000000000E0000 000024 (v02 VBOX  )
[    0.000000] ACPI: XSDT 0x000000007FFF0030 00003C (v01 VBOX   VBOXXSDT 00000001 ASL  00000061)
[    0.000000] ACPI: FACP 0x000000007FFF00F0 0000F4 (v04 VBOX   VBOXFACP 00000001 ASL  00000061)
[    0.000000] ACPI: DSDT 0x000000007FFF0470 0021FF (v02 VBOX   VBOXBIOS 00000002 INTL 20100528)
[    0.000000] ACPI: FACS 0x000000007FFF0200 000040
[    0.000000] ACPI: FACS 0x000000007FFF0200 000040
[    0.000000] ACPI: APIC 0x000000007FFF0240 000054 (v02 VBOX   VBOXAPIC 00000001 ASL  00000061)
[    0.000000] ACPI: SSDT 0x000000007FFF02A0 0001CC (v01 VBOX   VBOXCPUT 00000002 INTL 20100528)
[    0.000000] No NUMA configuration found
[    0.000000] Faking a node at [mem 0x0000000000000000-0x000000007ffeffff]
[    0.000000] NODE_DATA(0) allocated [mem 0x7ffeb000-0x7ffeffff]
[    0.000000] kvm-clock: Using msrs 4b564d01 and 4b564d00
[    0.000000] kvm-clock: cpu 0, msr 0:7ffe3001, primary cpu clock
[    0.000000] kvm-clock: using sched offset of 4266004225 cycles
[    0.000000] clocksource: kvm-clock: mask: 0xffffffffffffffff max_cycles: 0x1cd42e4dffb, max_idle_ns: 881590591483 ns
[    0.000000] Zone ranges:
[    0.000000]   DMA      [mem 0x0000000000001000-0x0000000000ffffff]
[    0.000000]   DMA32    [mem 0x0000000001000000-0x000000007ffeffff]
[    0.000000]   Normal   empty
[    0.000000]   Device   empty
[    0.000000] Movable zone start for each node
[    0.000000] Early memory node ranges
[    0.000000]   node   0: [mem 0x0000000000001000-0x000000000009efff]
[    0.000000]   node   0: [mem 0x0000000000100000-0x000000007ffeffff]
[    0.000000] Initmem setup node 0 [mem 0x0000000000001000-0x000000007ffeffff]
[    0.000000] ACPI: PM-Timer IO Port: 0x4008
[    0.000000] IOAPIC[0]: apic_id 1, version 32, address 0xfec00000, GSI 0-23
[    0.000000] ACPI: INT_SRC_OVR (bus 0 bus_irq 0 global_irq 2 dfl dfl)
[    0.000000] ACPI: INT_SRC_OVR (bus 0 bus_irq 9 global_irq 9 low level)
[    0.000000] Using ACPI (MADT) for SMP configuration information
[    0.000000] smpboot: Allowing 1 CPUs, 0 hotplug CPUs
[    0.000000] PM: Registered nosave memory: [mem 0x00000000-0x00000fff]
[    0.000000] PM: Registered nosave memory: [mem 0x0009f000-0x0009ffff]
[    0.000000] PM: Registered nosave memory: [mem 0x000a0000-0x000effff]
[    0.000000] PM: Registered nosave memory: [mem 0x000f0000-0x000fffff]
[    0.000000] e820: [mem 0x80000000-0xfebfffff] available for PCI devices
[    0.000000] Booting paravirtualized kernel on KVM
[    0.000000] clocksource: refined-jiffies: mask: 0xffffffff max_cycles: 0xffffffff, max_idle_ns: 7645519600211568 ns
[    0.000000] setup_percpu: NR_CPUS:512 nr_cpumask_bits:512 nr_cpu_ids:1 nr_node_ids:1
[    0.000000] PERCPU: Embedded 34 pages/cpu @ffff88007fc00000 s99608 r8192 d31464 u2097152
[    0.000000] PV qspinlock hash table entries: 256 (order: 0, 4096 bytes)
[    0.000000] Built 1 zonelists in Node order, mobility grouping on.  Total pages: 515960
[    0.000000] Policy zone: DMA32
[    0.000000] Kernel command line: BOOT_IMAGE=/boot/vmlinuz-4.4.0-141-generic root=LABEL=cloudimg-rootfs ro console=tty1 console=ttyS0
[    0.000000] PID hash table entries: 4096 (order: 3, 32768 bytes)
[    0.000000] Memory: 2030032K/2096696K available (8568K kernel code, 1314K rwdata, 4008K rodata, 1528K init, 1316K bss, 66664K reserved, 0K cma-reserved)
[    0.000000] SLUB: HWalign=64, Order=0-3, MinObjects=0, CPUs=1, Nodes=1
[    0.000000] Kernel/User page tables isolation: enabled
[    0.000000] Hierarchical RCU implementation.
[    0.000000] 	Build-time adjustment of leaf fanout to 64.
[    0.000000] 	RCU restricting CPUs from NR_CPUS=512 to nr_cpu_ids=1.
[    0.000000] RCU: Adjusting geometry for rcu_fanout_leaf=64, nr_cpu_ids=1
[    0.000000] NR_IRQS:33024 nr_irqs:256 16
[    0.000000] Console: colour VGA+ 80x25
[    0.000000] console [tty1] enabled
[    0.000000] console [ttyS0] enabled
[    0.000000] tsc: Detected 1992.002 MHz processor
[    3.401261] Calibrating delay loop (skipped) preset value.. 3984.00 BogoMIPS (lpj=7968008)
[    3.403125] pid_max: default: 32768 minimum: 301
[    3.405869] ACPI: Core revision 20150930
[    3.408555] ACPI: 2 ACPI AML tables successfully acquired and loaded
[    3.409983] Security Framework initialized
[    3.422683] Yama: becoming mindful.
[    3.423484] AppArmor: AppArmor initialized
[    3.432803] Dentry cache hash table entries: 262144 (order: 9, 2097152 bytes)
[    3.446973] Inode-cache hash table entries: 131072 (order: 8, 1048576 bytes)
[    3.452678] Mount-cache hash table entries: 4096 (order: 3, 32768 bytes)
[    3.454255] Mountpoint-cache hash table entries: 4096 (order: 3, 32768 bytes)
[    3.461658] Initializing cgroup subsys io
[    3.555128] Initializing cgroup subsys memory
[    3.630236] Initializing cgroup subsys devices
[    3.715425] Initializing cgroup subsys freezer
[    3.749416] Initializing cgroup subsys net_cls
[    3.797062] Initializing cgroup subsys perf_event
[    3.837702] Initializing cgroup subsys net_prio
[    3.853140] Initializing cgroup subsys hugetlb
[    3.918370] Initializing cgroup subsys pids
[    4.015062] mce: CPU supports 0 MCE banks
[    4.074845] process: using mwait in idle threads
[    4.115988] Last level iTLB entries: 4KB 64, 2MB 8, 4MB 8
[    4.130123] Last level dTLB entries: 4KB 64, 2MB 0, 4MB 0, 1GB 4
[    4.232540] Spectre V2 : Mitigation: Full generic retpoline
[    4.265928] Spectre V2 : Spectre v2 mitigation: Speculation control IBPB not-supported IBRS not-supported
[    4.405209] Spectre V2 : Spectre v2 / SpectreRSB mitigation: Filling RSB on context switch
[    4.461625] Speculative Store Bypass: Vulnerable
[    4.502810] Freeing SMP alternatives memory: 32K
[    4.520660] ftrace: allocating 32291 entries in 127 pages
[    4.585349] smpboot: APIC(0) Converting physical 0 to logical package 0
[    4.607732] smpboot: Max logical packages: 1
[    4.672579] x2apic enabled
[    4.696166] Switched APIC routing to physical x2apic.
[    4.748850] ..TIMER: vector=0x30 apic1=0 pin1=2 apic2=-1 pin2=-1
[    4.892621] smpboot: CPU0: Intel(R) Core(TM) i7-8550U CPU @ 1.80GHz (family: 0x6, model: 0x8e, stepping: 0xa)
[    5.084157] Performance Events: unsupported p6 CPU model 142 no PMU driver, software events only.
[    5.152149] KVM setup paravirtual spinlock
[    5.195927] x86: Booted up 1 node, 1 CPUs
[    5.203171] smpboot: Total of 1 processors activated (3984.00 BogoMIPS)
[    5.237197] devtmpfs: initialized
[    5.298246] evm: security.selinux
[    5.320206] evm: security.SMACK64
[    5.328098] evm: security.SMACK64EXEC
[    5.330160] evm: security.SMACK64TRANSMUTE
[    5.347077] evm: security.SMACK64MMAP
[    5.393767] evm: security.ima
[    5.470753] evm: security.capability
[    5.485764] clocksource: jiffies: mask: 0xffffffff max_cycles: 0xffffffff, max_idle_ns: 7645041785100000 ns
[    5.567071] futex hash table entries: 256 (order: 2, 16384 bytes)
[    5.568378] pinctrl core: initialized pinctrl subsystem
[    5.569579] RTC time: 21:37:36, date: 01/12/19
[    5.570707] NET: Registered protocol family 16
[    5.571902] cpuidle: using governor ladder
[    5.573148] cpuidle: using governor menu
[    5.574108] PCCT header not found.
[    5.575135] ACPI: bus type PCI registered
[    5.582233] acpiphp: ACPI Hot Plug PCI Controller Driver version: 0.5
[    5.583934] PCI: Using configuration type 1 for base access
[    5.615227] ACPI: Added _OSI(Module Device)
[    5.629738] ACPI: Added _OSI(Processor Device)
[    5.705630] ACPI: Added _OSI(3.0 _SCP Extensions)
[    5.795316] ACPI: Added _OSI(Processor Aggregator Device)
[    5.838083] ACPI: Executed 1 blocks of module-level executable AML code
[    5.856602] ACPI: Interpreter enabled
[    5.904200] ACPI: (supports S0 S5)
[    5.973628] ACPI: Using IOAPIC for interrupt routing
[    6.036655] PCI: Using host bridge windows from ACPI; if necessary, use "pci=nocrs" and report a bug
[    6.096890] ACPI: PCI Root Bridge [PCI0] (domain 0000 [bus 00-ff])
[    6.122909] acpi PNP0A03:00: _OSC: OS supports [ASPM ClockPM Segments MSI]
[    6.130522] acpi PNP0A03:00: _OSC: not requesting OS control; OS requires [ExtendedConfig ASPM ClockPM MSI]
[    6.168257] acpi PNP0A03:00: fail to add MMCONFIG information, can't access extended PCI configuration space under this bridge.
[    6.252907] PCI host bridge to bus 0000:00
[    6.290034] pci_bus 0000:00: root bus resource [io  0x0000-0x0cf7 window]
[    6.352334] pci_bus 0000:00: root bus resource [io  0x0d00-0xffff window]
[    6.406062] pci_bus 0000:00: root bus resource [mem 0x000a0000-0x000bffff window]
[    6.460870] pci_bus 0000:00: root bus resource [mem 0x80000000-0xfdffffff window]
[    6.471349] pci_bus 0000:00: root bus resource [bus 00-ff]
[    6.529236] pci 0000:00:01.1: legacy IDE quirk: reg 0x10: [io  0x01f0-0x01f7]
[    6.595571] pci 0000:00:01.1: legacy IDE quirk: reg 0x14: [io  0x03f6]
[    6.597463] pci 0000:00:01.1: legacy IDE quirk: reg 0x18: [io  0x0170-0x0177]
[    6.600326] pci 0000:00:01.1: legacy IDE quirk: reg 0x1c: [io  0x0376]
[    6.670202] pci 0000:00:07.0: quirk: [io  0x4000-0x403f] claimed by PIIX4 ACPI
[    6.707391] pci 0000:00:07.0: quirk: [io  0x4100-0x410f] claimed by PIIX4 SMB
[    6.741062] ACPI: PCI Interrupt Link [LNKA] (IRQs 5 9 10 *11)
[    6.795086] ACPI: PCI Interrupt Link [LNKB] (IRQs 5 9 *10 11)
[    6.798635] ACPI: PCI Interrupt Link [LNKC] (IRQs 5 *9 10 11)
[    6.809878] ACPI: PCI Interrupt Link [LNKD] (IRQs 5 9 10 *11)
[    6.821736] ACPI: Enabled 2 GPEs in block 00 to 07
[    6.834765] vgaarb: setting as boot device: PCI:0000:00:02.0
[    6.838469] vgaarb: device added: PCI:0000:00:02.0,decodes=io+mem,owns=io+mem,locks=none
[    6.840243] vgaarb: loaded
[    6.847965] vgaarb: bridge control possible 0000:00:02.0
[    6.871272] SCSI subsystem initialized
[    6.872157] ACPI: bus type USB registered
[    6.873064] usbcore: registered new interface driver usbfs
[    6.874202] usbcore: registered new interface driver hub
[    6.875312] usbcore: registered new device driver usb
[    6.883799] PCI: Using ACPI for IRQ routing
[    6.885058] NetLabel: Initializing
[    6.906021] NetLabel:  domain hash size = 128
[    6.928693] NetLabel:  protocols = UNLABELED CIPSOv4
[    6.964371] NetLabel:  unlabeled traffic allowed by default
[    7.015248] amd_nb: Cannot enumerate AMD northbridges
[    7.029190] clocksource: Switched to clocksource kvm-clock
[    7.047887] AppArmor: AppArmor Filesystem Enabled
[    7.064273] pnp: PnP ACPI init
[    7.072356] pnp: PnP ACPI: found 3 devices
[    7.105714] clocksource: acpi_pm: mask: 0xffffff max_cycles: 0xffffff, max_idle_ns: 2085701024 ns
[    7.195505] NET: Registered protocol family 2
[    7.268692] TCP established hash table entries: 16384 (order: 5, 131072 bytes)
[    7.280707] TCP bind hash table entries: 16384 (order: 6, 262144 bytes)
[    7.314983] TCP: Hash tables configured (established 16384 bind 16384)
[    7.386407] UDP hash table entries: 1024 (order: 3, 32768 bytes)
[    7.431104] UDP-Lite hash table entries: 1024 (order: 3, 32768 bytes)
[    7.485970] NET: Registered protocol family 1
[    7.604795] pci 0000:00:00.0: Limiting direct PCI/PCI transfers
[    7.636238] pci 0000:00:01.0: Activating ISA DMA hang workarounds
[    7.653536] Unpacking initramfs...
[    7.909826] Freeing initrd memory: 14800K
[    7.927176] platform rtc_cmos: registered platform RTC device (no PNP device found)
[    7.935613] Scanning for low memory corruption every 60 seconds
[    7.937015] audit: initializing netlink subsys (disabled)
[    7.938175] audit: type=2000 audit(1547329058.191:1): initialized
[    7.939634] Initialise system trusted keyring
[    7.940654] HugeTLB registered 2 MB page size, pre-allocated 0 pages
[    7.943128] zbud: loaded
[    7.944181] VFS: Disk quotas dquot_6.6.0
[    7.945129] VFS: Dquot-cache hash table entries: 512 (order 0, 4096 bytes)
[    7.954288] squashfs: version 4.0 (2009/01/31) Phillip Lougher
[    7.962752] fuse init (API version 7.23)
[    7.963791] Key type big_key registered
[    7.964671] Allocating IMA MOK and blacklist keyrings.
[    7.972538] Key type asymmetric registered
[    7.973440] Asymmetric key parser 'x509' registered
[    8.080109] Block layer SCSI generic (bsg) driver version 0.4 loaded (major 249)
[    8.110070] io scheduler noop registered
[    8.157367] io scheduler deadline registered (default)
[    8.249911] io scheduler cfq registered
[    8.257204] pci_hotplug: PCI Hot Plug PCI Core version: 0.5
[    8.293057] pciehp: PCI Express Hot Plug Controller Driver version: 0.4
[    8.360009] ACPI: AC Adapter [AC] (on-line)
[    8.408273] input: Power Button as /devices/LNXSYSTM:00/LNXPWRBN:00/input/input0
[    8.433585] ACPI: Power Button [PWRF]
[    8.493944] input: Sleep Button as /devices/LNXSYSTM:00/LNXSLPBN:00/input/input1
[    8.501881] ACPI: Sleep Button [SLPF]
[    8.549467] ACPI: Battery Slot [BAT0] (battery present)
[    8.567993] GHES: HEST is not enabled!
[    8.568971] Serial: 8250/16550 driver, 32 ports, IRQ sharing enabled
[    8.618200] 00:02: ttyS0 at I/O 0x3f8 (irq = 4, base_baud = 115200) is a 16550A
[    8.667438] Linux agpgart interface v0.103
[    8.684987] loop: module loaded
[    8.732491] scsi host0: ata_piix
[    8.741009] scsi host1: ata_piix
[    8.808957] ata1: PATA max UDMA/33 cmd 0x1f0 ctl 0x3f6 bmdma 0xd000 irq 14
[    8.826923] ata2: PATA max UDMA/33 cmd 0x170 ctl 0x376 bmdma 0xd008 irq 15
[    8.842935] libphy: Fixed MDIO Bus: probed
[    8.849924] tun: Universal TUN/TAP device driver, 1.6
[    8.865428] tun: (C) 1999-2004 Max Krasnyansky <maxk@qualcomm.com>
[    8.875548] PPP generic driver version 2.4.2
[    8.883020] ehci_hcd: USB 2.0 'Enhanced' Host Controller (EHCI) Driver
[    8.884483] ehci-pci: EHCI PCI platform driver
[    8.885582] ehci-platform: EHCI generic platform driver
[    8.886821] ohci_hcd: USB 1.1 'Open' Host Controller (OHCI) Driver
[    8.888234] ohci-pci: OHCI PCI platform driver
[    8.889278] ohci-platform: OHCI generic platform driver
[    8.890409] uhci_hcd: USB Universal Host Controller Interface driver
[    8.891750] i8042: PNP: PS/2 Controller [PNP0303:PS2K,PNP0f03:PS2M] at 0x60,0x64 irq 1,12
[    8.894226] serio: i8042 KBD port at 0x60,0x64 irq 1
[    8.903519] serio: i8042 AUX port at 0x60,0x64 irq 12
[    8.928111] tsc: Refined TSC clocksource calibration: 1993.028 MHz
[    8.974545] clocksource: tsc: mask: 0xffffffffffffffff max_cycles: 0x3974e899d1a, max_idle_ns: 881590556907 ns
[    9.030677] mousedev: PS/2 mouse device common for all mice
[    9.139587] input: AT Translated Set 2 keyboard as /devices/platform/i8042/serio0/input/input2
[    9.238072] rtc_cmos rtc_cmos: rtc core: registered rtc_cmos as rtc0
[    9.261897] rtc_cmos rtc_cmos: alarms up to one day, 114 bytes nvram
[    9.326424] i2c /dev entries driver
[    9.348687] device-mapper: uevent: version 1.0.3
[    9.399140] device-mapper: ioctl: 4.34.0-ioctl (2015-10-28) initialised: dm-devel@redhat.com
[    9.460879] ledtrig-cpu: registered to indicate activity on CPUs
[    9.485086] NET: Registered protocol family 10
[    9.499253] NET: Registered protocol family 17
[    9.513656] Key type dns_resolver registered
[    9.584788] registered taskstats version 1
[    9.655891] Loading compiled-in X.509 certificates
[    9.668405] Loaded X.509 cert 'Build time autogenerated kernel key: 7c9fb337b82e5a343493fe891c556beae1895c7c'
[    9.678787] zswap: loaded using pool lzo/zbud
[    9.716875] Key type trusted registered
[    9.740329] Key type encrypted registered
[    9.767229] AppArmor: AppArmor sha1 policy hashing enabled
[    9.847973] ima: No TPM chip found, activating TPM-bypass!
[    9.870984] ima: Allocated hash algorithm: sha1
[    9.908322] evm: HMAC attrs: 0x1
[    9.923080]   Magic number: 3:679:651
[    9.938098] acpi PNP0A03:00: hash matches
[    9.946699] rtc_cmos rtc_cmos: setting system clock to 2019-01-12 21:37:41 UTC (1547329061)
[    9.979664] BIOS EDD facility v0.16 2004-Jun-25, 0 devices found
[    9.981115] EDD information not available.
[    9.983681] Freeing unused kernel memory: 1528K
[   10.001744] Write protecting the kernel read-only data: 14336k
[   10.040105] Freeing unused kernel memory: 1660K
[   10.064356] Freeing unused kernel memory: 88K
Loading, please wait...[   10.118073] random: systemd-udevd: uninitialized urandom read (16 bytes read, 7 bits of entropy available)

starting versi[   10.146536] random: udevadm: uninitialized urandom read (16 bytes read, 7 bits of entropy available)
on 229
[   10.181489] random: systemd-udevd: uninitialized urandom read (16 bytes read, 7 bits of entropy available)
[   10.306790] random: udevadm: uninitialized urandom read (16 bytes read, 7 bits of entropy available)
[   10.364216] random: udevadm: uninitialized urandom read (16 bytes read, 7 bits of entropy available)
[   10.430717] random: systemd-udevd: uninitialized urandom read (16 bytes read, 7 bits of entropy available)
[   10.459439] random: udevadm: uninitialized urandom read (16 bytes read, 7 bits of entropy available)
[   10.468524] random: udevadm: uninitialized urandom read (16 bytes read, 7 bits of entropy available)
[   10.513761] random: systemd-udevd: uninitialized urandom read (16 bytes read, 7 bits of entropy available)
[   10.569619] random: udevadm: uninitialized urandom read (16 bytes read, 7 bits of entropy available)
[   10.675717] e1000: Intel(R) PRO/1000 Network Driver - version 7.3.21-k8-NAPI
[   10.790187] e1000: Copyright (c) 1999-2006 Intel Corporation.
[   10.866359] Fusion MPT base driver 3.04.20
[   10.916025] Copyright (c) 1999-2008 LSI Corporation
[   10.980114] AVX2 version of gcm_enc/dec engaged.
[   11.018139] AES CTR mode by8 optimization enabled
[   11.044491] Fusion MPT SPI Host driver 3.04.20
[   11.057542] mptbase: ioc0: Initiating bringup
[   11.125441] ioc0: LSI53C1030 A0: Capabilities={Initiator}
[   11.158566] input: ImExPS/2 Generic Explorer Mouse as /devices/platform/i8042/serio1/input/input4
[   11.319836] scsi host2: ioc0: LSI53C1030 A0, FwRev=00000000h, Ports=1, MaxQ=256, IRQ=20
[   11.546517] scsi 2:0:0:0: Direct-Access     VBOX     HARDDISK         1.0  PQ: 0 ANSI: 5
[   11.637903] scsi target2:0:0: Beginning Domain Validation
[   11.711398] scsi target2:0:0: Domain Validation skipping write tests
[   11.812307] scsi target2:0:0: Ending Domain Validation
[   12.026743] scsi target2:0:0: asynchronous
[   12.178667] scsi 2:0:1:0: Direct-Access     VBOX     HARDDISK         1.0  PQ: 0 ANSI: 5
[   12.236614] scsi target2:0:1: Beginning Domain Validation
[   12.269146] e1000 0000:00:03.0 eth0: (PCI:33MHz:32-bit) 02:e9:22:0c:6f:83
[   12.327652] e1000 0000:00:03.0 eth0: Intel(R) PRO/1000 Network Connection
[   12.377731] scsi target2:0:1: Domain Validation skipping write tests
[   12.408513] scsi target2:0:1: Ending Domain Validation
[   12.446093] scsi target2:0:1: asynchronous
[   12.480855] sd 2:0:0:0: Attached scsi generic sg0 type 0
[   12.481979] sd 2:0:0:0: [sda] 20971520 512-byte logical blocks: (10.7 GB/10.0 GiB)
[   12.496406] sd 2:0:1:0: Attached scsi generic sg1 type 0
[   12.573508] sd 2:0:1:0: [sdb] 20480 512-byte logical blocks: (10.5 MB/10.0 MiB)
[   12.637136] sd 2:0:0:0: [sda] Write Protect is off
[   12.703953] sd 2:0:0:0: [sda] Incomplete mode parameter data
[   12.711567] sd 2:0:0:0: [sda] Assuming drive cache: write through
[   12.753718] sd 2:0:1:0: [sdb] Write Protect is off
[   12.799244] sd 2:0:1:0: [sdb] Incomplete mode parameter data
[   12.801825] sd 2:0:1:0: [sdb] Assuming drive cache: write through
[   12.839677]  sda: sda1
[   12.870569] sd 2:0:0:0: [sda] Attached SCSI disk
[   12.951212] sd 2:0:1:0: [sdb] Attached SCSI disk
[   13.158512] e1000 0000:00:08.0 eth1: (PCI:33MHz:32-bit) 08:00:27:8a:21:1e
[   13.192852] e1000 0000:00:08.0 eth1: Intel(R) PRO/1000 Network Connection
[   13.195609] e1000 0000:00:08.0 enp0s8: renamed from eth1
[   13.204063] e1000 0000:00:03.0 enp0s3: renamed from eth0
Begin: Loading e[   14.544684] md: linear personality registered for level -1
ssential drivers[   14.580329] md: multipath personality registered for level -4
 ... [   14.616692] md: raid0 personality registered for level 0
[   14.715086] md: raid1 personality registered for level 1
[   14.881529] raid6: sse2x1   gen() 10705 MB/s
[   15.005314] raid6: sse2x1   xor()  9106 MB/s
[   15.173252] raid6: sse2x2   gen() 14750 MB/s
[   15.253318] raid6: sse2x2   xor()  9715 MB/s
[   15.349571] raid6: sse2x4   gen() 14816 MB/s
[   15.445227] raid6: sse2x4   xor() 10809 MB/s
[   15.537756] raid6: avx2x1   gen() 24250 MB/s
[   15.673386] raid6: avx2x2   gen() 27619 MB/s
[   15.797320] raid6: avx2x4   gen() 30760 MB/s
[   15.849027] raid6: using algorithm avx2x4 gen() 30760 MB/s
[   15.874054] raid6: using avx2x2 recovery algorithm
[   15.895890] xor: automatically using best checksumming function:
[   16.005383]    avx       : 27542.000 MB/sec
[   16.014042] async_tx: api initialized (async)
[   16.038336] md: raid6 personality registered for level 6
[   16.096544] md: raid5 personality registered for level 5
[   16.168570] md: raid4 personality registered for level 4
[   16.198510] md: raid10 personality registered for level 10
done.
Begin: Running /scripts/init-premount ... done[   16.289628] Btrfs loaded
.
Begin: Mounting root file system ... Begin: Running /scripts/local-top ... done.
Begin: Running /scripts/local-premount ... Scanning for Btrfs filesystems
done.
Warning: fsck not present, so skipping root file system
[   16.443205] EXT4-fs (sda1): mounted filesystem with ordered data mode. Opts: (null)
done.
Begin: Running /scripts/local-bottom ... done.
Begin: Running /scripts/init-bottom ... done.
[   16.989274] random: nonblocking pool is initialized
[   17.223337] systemd[1]: systemd 229 running in system mode. (+PAM +AUDIT +SELINUX +IMA +APPARMOR +SMACK +SYSVINIT +UTMP +LIBCRYPTSETUP +GCRYPT +GNUTLS +ACL +XZ -LZ4 +SECCOMP +BLKID +ELFUTILS +KMOD -IDN)
[   17.460314] systemd[1]: Detected virtualization oracle.
[   17.529674] systemd[1]: Detected architecture x86-64.

Welcome to [1mUbuntu 16.04.5 LTS[0m!

[   17.595562] systemd[1]: Set hostname to <terraform-box>.
[   18.900438] systemd[1]: Listening on udev Kernel Socket.
[[0;32m  OK  [0m] Listening on udev Kernel Socket.
[   19.117963] systemd[1]: Reached target System Time Synchronized.
[[0;32m  OK  [0m] Reached target System Time Synchronized.
[   19.229588] systemd[1]: Listening on Syslog Socket.
[[0;32m  OK  [0m] Listening on Syslog Socket.
[   19.333425] systemd[1]: Listening on Journal Socket (/dev/log).
[[0;32m  OK  [0m] Listening on Journal Socket (/dev/log).
[   19.447688] systemd[1]: Started Forward Password Requests to Wall Directory Watch.
[[0;32m  OK  [0m] Started Forward Password Requests to Wall Directory Watch.
[   19.521895] systemd[1]: Listening on Device-mapper event daemon FIFOs.
[[0;32m  OK  [0m] Listening on Device-mapper event daemon FIFOs.
[   19.621612] systemd[1]: Set up automount Arbitrary Executable File Formats File System Automount Point.
[[0;32m  OK  [0m] Set up automount Arbitrary Executab...ats File System Automount Point.
[   19.727829] systemd[1]: Reached target Swap.
[[0;32m  OK  [0m] Reached target Swap.
[   19.730572] systemd[1]: Reached target Encrypted Volumes.
[[0;32m  OK  [0m] Reached target Encrypted Volumes.
[   19.737554] systemd[1]: Listening on udev Control Socket.
[[0;32m  OK  [0m] Listening on udev Control Socket.
[   19.914272] systemd[1]: Listening on /dev/initctl Compatibility Named Pipe.
[[0;32m  OK  [0m] Listening on /dev/initctl Compatibility Named Pipe.
[   20.101654] systemd[1]: Listening on LVM2 poll daemon socket.
[[0;32m  OK  [0m] Listening on LVM2 poll daemon socket.
[   20.194086] systemd[1]: Started Trigger resolvconf update for networkd DNS.
[[0;32m  OK  [0m] Started Trigger resolvconf update for networkd DNS.
[   20.370859] systemd[1]: Created slice User and Session Slice.
[[0;32m  OK  [0m] Created slice User and Session Slice.
[   20.494101] systemd[1]: Listening on LVM2 metadata daemon socket.
[[0;32m  OK  [0m] Listening on LVM2 metadata daemon socket.
[   20.646053] systemd[1]: Created slice System Slice.
[[0;32m  OK  [0m] Created slice System Slice.
[   20.772131] systemd[1]: Reached target Slices.
[[0;32m  OK  [0m] Reached target Slices.
[   20.783652] systemd[1]: Created slice system-serial\x2dgetty.slice.
[[0;32m  OK  [0m] Created slice system-serial\x2dgetty.slice.
[   20.865475] systemd[1]: Listening on Journal Audit Socket.
[[0;32m  OK  [0m] Listening on Journal Audit Socket.
[   21.033422] systemd[1]: Reached target User and Group Name Lookups.
[[0;32m  OK  [0m] Reached target User and Group Name Lookups.
[   21.181824] systemd[1]: Listening on Journal Socket.
[[0;32m  OK  [0m] Listening on Journal Socket.
[   21.288000] systemd[1]: Mounting POSIX Message Queue File System...
         Mounting POSIX Message Queue File System...
[   21.435476] systemd[1]: Starting Create list of required static device nodes for the current kernel...
         Starting Create list of required st... nodes for the current kernel...
[   21.593873] systemd[1]: Starting Monitoring of LVM2 mirrors, snapshots etc. using dmeventd or progress polling...
         Starting Monitoring of LVM2 mirrors... dmeventd or progress polling...
[   21.741929] systemd[1]: Mounting Huge Pages File System...
         Mounting Huge Pages File System...
[   21.844664] systemd[1]: Starting Nameserver information manager...
         Starting Nameserver information manager...
[   21.851358] systemd[1]: Starting Journal Service...
         Starting Journal Service...
[   21.866213] systemd[1]: Mounting Debug File System...
         Mounting Debug File System...
[   21.906694] systemd[1]: Starting Remount Root and Kernel File Systems...
         Starting Remount[   21.996988] EXT4-fs (sda1): re-mounted. Opts: (null)
 Root and Kernel File Systems...
[   22.123078] systemd[1]: Starting Set console keymap...
         Starting Set console keymap...
[   22.159336] systemd[1]: Starting Uncomplicated firewall...
         Starting Uncomplicated firewall...
[   22.331423] systemd[1]: Starting Load Kernel Modules...
         Starting Load Kernel Modules...
[   22.484707] systemd[1]: Mounted Huge Pages File System.
[[0;32m  OK  [0[   22.592465] Loading iSCSI transport class v2.0-870.
m] Mounted Huge Pages File Syste[   22.645036] iscsi: registered transport (tcp)
m.
[   22.789363] systemd[1]: Mounted POSIX Message Queue File System.
[[0;32m  OK  [0m] Mounted POSIX Message Queue File System.
[   22.945651] systemd[1]: Mounted Debug File System.
[[0;32m  OK  [0m] Mounted Debug File System.
[   22.970348] systemd[1]: Started Journal Service.
[[0;32m  OK  [0m] Started Journal Service.
[[0;32m  OK  [0m] Started Create list of required sta...ce nodes for the current kernel.
[[0;32m  OK  [0[   22.993573] iscsi: registered transport (iser)
m] Started Remount Root and Kernel File Systems.
[[0;32m  OK  [0m] Started Set console keymap.
[[0;32m  OK  [0m] Started Uncomplicated firewall.
[[0;32m  OK  [0m] Started Load Kernel Modules.
[[0;32m  OK  [0m] Started Nameserver information manager.
[[0;32m  OK  [0m] Started LVM2 metadata daemon.
         Mounting FUSE Control File System...
         Starting Apply Kernel Variables...
         Starting udev Coldplug all Devices...
         Starting Load/Save Random Seed...
         Starting Create Static Device Nodes in /dev...
         Starting Flush Journal to Persistent Storage...
[[0;32m  OK  [0m] Mounted FUSE Control File System.
[[0;32m  OK  [0m] Started Apply Kernel Variables.
[[0;32m  OK  [0m] Started Load/Save Random Seed.
[[0;32m  OK  [0m] Started Create Static Device Nodes in /dev.
[[0;32m  OK  [0m] Started udev Coldplug all Devices.
[[0;32m  OK  [0m] Started Monitoring of LVM2 mirrors,...ng dmeventd or progress polling.
         Starting udev Kernel Device Manager...
[[0;32m  OK  [0m] Reached target Local File Systems (Pre).
[[0;32m  OK  [0m] Reached target Local File Systems.
         Starting Tell Plymouth To Write Out Runtime Data...
         Starting LSB: AppArmor initialization...
         Starting Initial cloud-init job (pre-networking)...
         Starting Set console font and keymap...
[[0;32m  OK  [0m] Started Flush Journal to Persistent Storage.
[[0;32m  OK  [0m] Started Tell Plymouth To Write Out Runtime Data.
         Starting Create Volatile Files and Directories...
[[0;32m  OK  [0m] Started Create Volatile Files and Directories.
[[0;32m  OK  [0m] Started udev Kernel Device Manager.
[[0;32m  OK  [0m] Started Dispatch Password Requests to Console Directory Watch.
         Starting Update UTMP about System Boot/Shutdown...
[[0;32m  OK  [0m] Started Set console font and keymap.
[[0;32m  OK  [0m] Created slice system-getty.slice.
[[0;32m  OK  [0m] Started Update UTMP about System Boot/Shutdown.
[[0;32m  OK  [0m] Found device /dev/ttyS0.
[[0;32m  OK  [0m] Listening on Load/Save RF Kill Switch Status /dev/rfkill Watch.
[[0;32m  OK  [0m] Found device 82540EM Gigabit Ethern...r (PRO/1000 MT Desktop Adapter).
[[0;32m  OK  [0m] Found device 82540EM Gigabit Ethern...r (PRO/1000 MT Desktop Adapter).
[[0;32m  OK  [0m] Started LSB: AppArmor initialization.
[   24.738840] cloud-init[494]: Cloud-init v. 18.4-0ubuntu1~16.04.2 running 'init-local' at Sat, 12 Jan 2019 21:38:01 +0000. Up 23.95 seconds.
[[0;32m  OK  [0m] Started Initial cloud-init job (pre-networking).
[[0;32m  OK  [0m] Reached target Network (Pre).
[[0;32m  OK  [0m] Started ifup for enp0s3.
[[0;32m  OK  [0m] Started ifup for enp0s8.
         Starting Raise network interfaces...
[[0;32m  OK  [0m] Started Raise network interfaces.
[[0;32m  OK  [0m] Reached target Network.
         Starting Initial cloud-init job (metadata service crawler)...
[   26.738739] cloud-init[1331]: Cloud-init v. 18.4-0ubuntu1~16.04.2 running 'init' at Sat, 12 Jan 2019 21:38:04 +0000. Up 26.01 seconds.
[   26.764658] cloud-init[1331]: ci-info: ++++++++++++++++++++++++++++++++++++++Net device info+++++++++++++++++++++++++++++++++++++++
[[0;32m  OK  [0m] Started Initial cloud-init job (metadata service crawler).
[[0;32m  OK  [0m] Reached target Cloud-config availability.[   26.822533] cloud-init[1331]: ci-info: +--------+------+-----------------------------+---------------+--------+-------------------+
[   26.828559] cloud-init[1331]: ci-info: | Device |  Up  |           Address           |      Mask     | Scope  |     Hw-Address    |
[   26.828598] cloud-init[1331]: ci-info: +--------+------+-----------------------------+---------------+--------+-------------------+
[   26.828633] cloud-init[1331]: ci-info: | enp0s3 | True |          10.0.2.15          | 255.255.255.0 | global | 02:e9:22:0c:6f:83 |
[   26.828672] cloud-init[1331]: ci-info: | enp0s3 | True |  fe80::e9:22ff:fe0c:6f83/64 |       .       |  link  | 02:e9:22:0c:6f:83 |
[   26.828705] cloud-init[1331]: ci-info: | enp0s8 | True |        192.168.33.50        | 255.255.255.0 | global | 08:00:27:8a:21:1e |
[   26.828737] cloud-init[1331]: ci-info: | enp0s8 | True | fe80::a00:27ff:fe8a:211e/64 |       .       |  link  | 08:00:27:8a:21:1e |
[   26.828773] cloud-init[1331]: ci-info: |   lo   | True |          127.0.0.1          |   255.0.0.0   |  host  |         .         |
[   26.828805] cloud-init[1331]: ci-info: |   lo   | True |           ::1/128           |       .       |  host  |         .         |
[   26.828837] cloud-init[1331]: ci-info: +--------+------+-----------------------------+---------------+--------+-------------------+
[   26.828868] cloud-init[1331]: ci-info: ++++++++++++++++++++++++++++Route IPv4 info++++++++++++++++++++++++++++
[   26.828901] cloud-init[1331]: ci-info: +-------+--------------+----------+---------------+-----------+-------+
[   26.828933] cloud-init[1331]: ci-info: | Route | Destination  | Gateway  |    Genmask    | Interface | Flags |
[   26.828968] cloud-init[1331]: ci-info: +-------+--------------+----------+---------------+-----------+-------+
[   26.829000] cloud-init[1331]: ci-info: |   0   |   0.0.0.0    | 10.0.2.2 |    0.0.0.0    |   enp0s3  |   UG  |
[   26.829032] cloud-init[1331]: ci-info: |   1   |   10.0.2.0   | 0.0.0.0  | 255.255.255.0 |   enp0s3  |   U   |
[   26.829063] cloud-init[1331]: ci-info: |   2   | 192.168.33.0 | 0.0.0.0  | 255.255.255.0 |   enp0s8  |   U   |
[   26.829095] cloud-init[1331]: ci-info: +-------+--------------+----------+---------------+-----------+-------+
[   26.829125] cloud-init[1331]: ci-info: +++++++++++++++++++Route IPv6 info+++++++++++++++++++
[   26.829158] cloud-init[1331]: ci-info: +-------+-------------+---------+-----------+-------+
[   26.829202] cloud-init[1331]: ci-info: | Route | Destination | Gateway | Interface | Flags |
[   26.829235] cloud-init[1331]: ci-info: +-------+-------------+---------+-----------+-------+
[   26.829268] cloud-init[1331]: ci-info: |   0   |  fe80::/64  |    ::   |   enp0s8  |   U   |
[   26.829321] cloud-init[1331]: ci-info: |   1   |  fe80::/64  |    ::   |   enp0s3  |   U   |
[   26.829366] cloud-init[1331]: ci-info: |   4   |   ff00::/8  |    ::   |   enp0s8  |   U   |
[   26.829400] cloud-init[1331]: ci-info: |   5   |   ff00::/8  |    ::   |   enp0s3  |   U   |
[   26.829433] cloud-init[1331]: ci-info: +-------+-------------+---------+-----------+-------+

[[0;32m  OK  [0m] Reached target System Initialization.
[[0;32m  OK  [0m] Listening on ACPID Listen Socket.
[[0;32m  OK  [0m] Started Daily Cleanup of Temporary Directories.
[[0;32m  OK  [0m] Started ACPI Events Check.
[[0;32m  OK  [0m] Reached target Paths.
         Starting Socket activation for snappy daemon.
         Starting LXD - unix socket.
         Starting Docker Socket for the API.
[[0;32m  OK  [0m] Listening on UUID daemon activation socket.
[[0;32m  OK  [0m] Started Daily apt download activities.
[[0;32m  OK  [0m] Started Daily apt upgrade and clean activities.
[[0;32m  OK  [0m] Reached target Timers.
[[0;32m  OK  [0m] Listening on D-Bus System Message Bus Socket.
[[0;32m  OK  [0m] Reached target Network is Online.
         Starting iSCSI initiator daemon (iscsid)...
[[0;32m  OK  [0m] Listening on Socket activation for snappy daemon.
[[0;32m  OK  [0m] Listening on LXD - unix socket.
[[0;32m  OK  [0m] Listening on Docker Socket for the API.
[[0;32m  OK  [0m] Reached target Sockets.
[[0;32m  OK  [0m] Reached target Basic System.
         Starting Login Service...
         Starting LSB: Record successful boot for GRUB...
         Starting LSB: MD monitoring daemon...
[[0;32m  OK  [0m] Started Unattended Upgrades Shutdown.
         Starting OpenBSD Secure Shell server...
[[0;32m  OK  [0m] Started D-Bus System Message Bus.
[[0;32m  OK  [0m] Started Regular background program processing daemon.
         Starting Snappy daemon...
         Starting Virtualbox guest utils...
         Starting /etc/rc.local Compatibility...
         Starting LXD - container startup/shutdown...
         Starting Docker Application Container Engine...
[[0;32m  OK  [0m] Started ACPI event daemon.
[[0;32m  OK  [0m] Started FUSE filesystem for LXC.
[[0;32m  OK  [0m] Started Deferred execution scheduler.
         Starting Accounts Service...
         Starting Ubuntu FAN network setup...
         Starting System Logging Service...
[[0;32m  OK  [0m] Started iSCSI initiator daemon (iscsid).
[[0;32m  OK  [0m] Started /etc/rc.local Compatibility.
[[0;32m  OK  [0m] Started OpenBSD Secure Shell server.
[[0;32m  OK  [0m] Started Login Service.
         Starting Login to default iSCSI targets...
[[0;32m  OK  [0m] Started Ubuntu FAN network setup.
[[0;32m  OK  [0m] Started LSB: Record successful boot for GRUB.
[[0;32m  OK  [0m] Started LSB: MD monitoring daemon.
[[0;32m  OK  [0m] Started Login to default iSCSI targets.
[[0;32m  OK  [0m] Reached target Remote File Systems (Pre).
[[0;32m  OK  [0m] Reached target Remote File Systems.
         Starting Permit User Sessions...
         Starting LSB: Set the CPU Frequency Scaling governor to "ondemand"...
         Starting LSB: automatic crash report generation...
         Starting LSB: Set up cgroupfs mounts....
         Starting LSB: daemon to balance interrupts for SMP systems...
[[0;32m  OK  [0m] Started Virtualbox guest utils.
[[0;32m  OK  [0m] Started Permit User Sessions.
[[0;32m  OK  [0m] Started LSB: Set up cgroupfs mounts..
[[0;32m  OK  [0m] Started LSB: Set the CPU Frequency Scaling governor to "ondemand".
[[0;32m  OK  [0m] Started System Logging Service.
         Starting Terminate Plymouth Boot Screen...
         Starting Hold until boot process finishes up...
[[0;32m  OK  [0m] Started Terminate Plymouth Boot Screen.
[[0;32m  OK  [0m] Started Hold until boot process finishes up.
[[0;32m  OK  [0m] Started LSB: daemon to balance interrupts for SMP systems.
[[0;32m  OK  [0m] Created slice User Slice of vagrant.
[[0;32m  OK  [0m] Started Session 1 of user vagrant.
         Starting User Manager for UID 1000...
         Starting Set console scheme...
[[0;32m  OK  [0m] Started Serial Getty on ttyS0.
[[0;32m  OK  [0m] Started Getty on tty1.
[[0;32m  OK  [0m] Reached target Login Prompts.
[[0;32m  OK  [0m] Started LSB: automatic crash report generation.
[[0;32m  OK  [0m] Started Set console scheme.
         Starting Authenticate and Authorize Users to Run Privileged Tasks...
[[0;32m  OK  [0m] Started User Manager for UID 1000.
[[0;32m  OK  [0m] Started Authenticate and Authorize Users to Run Privileged Tasks.
[[0;32m  OK  [0m] Started Accounts Service.
[[0;32m  OK  [0m] Started Snappy daemon.
         Starting Wait until snapd is fully seeded...
[[0;32m  OK  [0m] Started Wait until snapd is fully seeded.
         Starting Apply the settings specified in cloud-config...
[[0;32m  OK  [0m] Started LXD - container startup/shutdown.
[   34.795589] cloud-init[1671]: Cloud-init v. 18.4-0ubuntu1~16.04.2 running 'modules:config' at Sat, 12 Jan 2019 21:38:12 +0000. Up 34.39 seconds.
[[0;32m  OK  [0m] Started Apply the settings specified in cloud-config.

Ubuntu 16.04.5 LTS terraform-box ttyS0

terraform-box login: [   38.861077] cloud-init[2242]: Cloud-init v. 18.4-0ubuntu1~16.04.2 running 'modules:final' at Sat, 12 Jan 2019 21:38:16 +0000. Up 38.62 seconds.
[   38.861639] cloud-init[2242]: Cloud-init v. 18.4-0ubuntu1~16.04.2 finished at Sat, 12 Jan 2019 21:38:16 +0000. Datasource DataSourceNoCloud [seed=/dev/sdb][dsmode=net].  Up 38.85 seconds
[[0;32m  OK  [0m] Stopped targeT         Stopping Regular background program processing daemon...
         Stopping D-Bus System Message Bus...
         Stopping Deferred execution scheduler...
         Stopping LSB: Record successful boot for GRUB...
         Stopping Accounts Service...
         Stopping LSB: Set up cgroupfs mounts....
         Stopping LSB: MD monitoring daemon...
         Stopping LSB: Set the CPU Frequency Scaling governor to "ondemand"...
         Stopping LSB: automatic crash report generation...
         Stopping Authenticate and Authorize Users to Run Privileged Tasks...
[[0;32m  OK  [0m] Stopped target System Time Synchronized.
         Stopping Snappy daemon...
         Stopping LSB: daemon to balance interrupts for SMP systems...
         Stopping OpenBSD Secure Shell server...
[[0;32m  OK  [0m] Unmounted /var/lib/lxcfs.
[[0;32m  OK  [0m] Stopped Regular background program processing daemon.
[[0;32m  OK  [0m] Stopped Snappy daemon.
[[0;32m  OK  [0m] Stopped ACPI event daemon.
[[0;32m  OK  [0m] Stopped Deferred execution scheduler.
[[0;32m  OK  [0m] Stopped Accounts Service.
[[0;32m  OK  [0m] Stopped System Logging Service.
[[0;32m  OK  [0m] Stopped OpenBSD Secure Shell server.
[[0;32m  OK  [0m] Stopped Serial Getty on ttyS0.
[[0;32m  OK  [0m] Stopped Getty on tty1.
[[0;32m  OK  [0m] Stopped Docker Application Container Engine.
[[0;32m  OK  [0m] Stopped Authenticate and Authorize Users to Run Privileged Tasks.
[[0;32m  OK  [0m] Stopped User Manager for UID 1000.
[[0;32m  OK  [0m] Stopped Session 4 of user vagrant.
[[0;32m  OK  [0m] Stopped Unattended Upgrades Shutdown.
[[0;32m  OK  [0m] Stopped Ubuntu FAN network setup.
[[0;32m  OK  [0m] Stopped D-Bus System Message Bus.
[[0;32m  OK  [0m] Stopped LSB: Set up cgroupfs mounts..
[[0;32m  OK  [0m] Stopped FUSE filesystem for LXC.
[[0;32m  OK  [0m] Stopped LXD - container startup/shutdown.
[[0;32m  OK  [0m] Stopped Virtualbox guest utils.
[[0;32m  OK  [0m] Stopped LSB: MD monitoring daemon.
[[0;32m  OK  [0m] Stopped LSB: Record successful boot for GRUB.
[[0;32m  OK  [0m] Stopped LSB: Set the CPU Frequency Scaling governor to "ondemand".
[[0;32m  OK  [0m] Stopped LSB: daemon to balance interrupts for SMP systems.
[[0;32m  OK  [0m] Stopped LSB: automatic crash report generation.
[[0;32m  OK  [0m] Removed slice User Slice of vagrant.
         Stopping Login Service...
[[0;32m  OK  [0m] Removed slice system-getty.slice.
         Stopping Permit User Sessions...
[[0;32m  OK  [0m] Stopped /etc/rc.local Compatibility.
[[0;32m  OK  [0m] Removed slice system-serial\x2dgetty.slice.
[[0;32m  OK  [0m] Stopped Login Service.
[[0;32m  OK  [0m] Stopped Permit User Sessions.
[[0;32m  OK  [0m] Stopped target Remote File Systems.
[[0;32m  OK  [0m] Stopped target Remote File Systems (Pre).
         Stopping Login to default iSCSI targets...
[[0;32m  OK  [0m] Stopped target Basic System.
[[0;32m  OK  [0m] Stopped target Slices.
[[0;32m  OK  [0m] Stopped target Paths.
[[0;32m  OK  [0m] Stopped Forward Password Requests to Wall Directory Watch.
[[0;32m  OK  [0m] Stopped ACPI Events Check.
[[0;32m  OK  [0m] Stopped Dispatch Password Requests to Console Directory Watch.
[[0;32m  OK  [0m] Stopped target Sockets.
[[0;32m  OK  [0m] Closed UUID daemon activation socket.
[[0;32m  OK  [0m] Closed Syslog Socket.
[[0;32m  OK  [0m] Closed Socket activation for snappy daemon.
[[0;32m  OK  [0m] Closed LXD - unix socket.
[[0;32m  OK  [0m] Closed ACPID Listen Socket.
[[0;32m  OK  [0m] Closed Docker Socket for the API.
[[0;32m  OK  [0m] Closed D-Bus System Message Bus Socket.
[[0;32m  OK  [0m] Stopped target System Initialization.
[[0;32m  OK  [0m] Stopped Create Volatile Files and Directories.
[[0;32m  OK  [0m] Stopped target Encrypted Volumes.
[[0;32m  OK  [0m] Stopped target Swap.
         Stopping Load/Save Random Seed...
[[0;32m  OK  [0m] Removed slice User and Session Slice.
[[0;32m  OK  [0m] Stopped target User and Group Name Lookups.
[[0;32m  OK  [0m] Stopped Load/Save Random Seed.
[[0;32m  OK  [0m] Stopped Login to default iSCSI targets.
         Stopping iSCSI initiator daemon (iscsid)...
[[0;32m  OK  [0m] Stopped iSCSI initiator daemon (iscsid).
[[0;32m  OK  [0m] Stopped target Network is Online.
[[0;32m  OK  [0m] Stopped target Network.
[[0;32m  OK  [0m] Stopped Initial cloud-init job (metadata service crawler).
         Stopping Raise network interfaces...
[[0;32m  OK  [0m] Stopped Raise network interfaces.
[[0;32m  OK  [0m] Stopped target Local File Systems.
         Unmounting /vagrant...
         Unmounting /run/user/1000...
[[0;32m  OK  [0m] Stopped target Network (Pre).
[[0;32m  OK  [0m] Stopped Initial cloud-init job (pre-networking).
[[0;32m  OK  [0m] Stopped Apply Kernel Variables.
[[0;32m  OK  [0m] Stopped Load Kernel Modules.
[[0;32m  OK  [0m] Unmounted /vagrant.
[[0;32m  OK  [0m] Unmounted /run/user/1000.
[[0;32m  OK  [0m] Reached target Unmount All Filesystems.
[[0;32m  OK  [0m] Stopped target Local File Systems (Pre).
[[0;32m  OK  [0m] Stopped Create Static Device Nodes in /dev.
[[0;32m  OK  [0m] Stopped Remount Root and Kernel File Systems.
[[0;32m  OK  [0m] Reached target Shutdown.
[ 3196.089581] reboot: Power down
