[    0.000000] Initializing cgroup subsys cpuset
[    0.000000] Initializing cgroup subsys cpu
[    0.000000] Initializing cgroup subsys cpuacct
[    0.000000] Linux version 4.4.0-141-generic (buildd@lcy01-amd64-006) (gcc version 5.4.0 20160609 (Ubuntu 5.4.0-6ubuntu1~16.04.10) ) #167-Ubuntu SMP Wed Dec 5 10:40:15 UTC 2018 (Ubuntu 4.4.0-141.167-generic 4.4.162)
[    0.000000] Command line: BOOT_IMAGE=/boot/vmlinuz-4.4.0-141-generic root=LABEL=cloudimg-rootfs ro console=tty1 console=ttyS0
[    0.000000] KERNEL supported cpus:
[    0.000000]   Intel GenuineIntel
[    0.000000]   AMD AuthenticAMD
[    0.000000]   Centaur CentaurHauls
[    0.000000] x86/fpu: xstate_offset[2]:  576, xstate_sizes[2]:  256
[    0.000000] x86/fpu: Supporting XSAVE feature 0x01: 'x87 floating point registers'
[    0.000000] x86/fpu: Supporting XSAVE feature 0x02: 'SSE registers'
[    0.000000] x86/fpu: Supporting XSAVE feature 0x04: 'AVX registers'
[    0.000000] x86/fpu: Enabled xstate features 0x7, context size is 832 bytes, using 'standard' format.
[    0.000000] e820: BIOS-provided physical RAM map:
[    0.000000] BIOS-e820: [mem 0x0000000000000000-0x000000000009fbff] usable
[    0.000000] BIOS-e820: [mem 0x000000000009fc00-0x000000000009ffff] reserved
[    0.000000] BIOS-e820: [mem 0x00000000000f0000-0x00000000000fffff] reserved
[    0.000000] BIOS-e820: [mem 0x0000000000100000-0x000000007ffeffff] usable
[    0.000000] BIOS-e820: [mem 0x000000007fff0000-0x000000007fffffff] ACPI data
[    0.000000] BIOS-e820: [mem 0x00000000fec00000-0x00000000fec00fff] reserved
[    0.000000] BIOS-e820: [mem 0x00000000fee00000-0x00000000fee00fff] reserved
[    0.000000] BIOS-e820: [mem 0x00000000fffc0000-0x00000000ffffffff] reserved
[    0.000000] NX (Execute Disable) protection: active
[    0.000000] SMBIOS 2.5 present.
[    0.000000] Hypervisor detected: KVM
[    0.000000] e820: last_pfn = 0x7fff0 max_arch_pfn = 0x400000000
[    0.000000] MTRR: Disabled
[    0.000000] x86/PAT: MTRRs disabled, skipping PAT initialization too.
[    0.000000] CPU MTRRs all blank - virtualized system.
[    0.000000] x86/PAT: Configuration [0-7]: WB  WT  UC- UC  WB  WT  UC- UC  
[    0.000000] found SMP MP-table at [mem 0x0009fff0-0x0009ffff] mapped at [ffff88000009fff0]
[    0.000000] Scanning 1 areas for low memory corruption
[    0.000000] RAMDISK: [mem 0x36308000-0x3717bfff]
[    0.000000] ACPI: Early table checksum verification disabled
[    0.000000] ACPI: RSDP 0x00000000000E0000 000024 (v02 VBOX  )
[    0.000000] ACPI: XSDT 0x000000007FFF0030 00003C (v01 VBOX   VBOXXSDT 00000001 ASL  00000061)
[    0.000000] ACPI: FACP 0x000000007FFF00F0 0000F4 (v04 VBOX   VBOXFACP 00000001 ASL  00000061)
[    0.000000] ACPI: DSDT 0x000000007FFF0470 0021FF (v02 VBOX   VBOXBIOS 00000002 INTL 20100528)
[    0.000000] ACPI: FACS 0x000000007FFF0200 000040
[    0.000000] ACPI: FACS 0x000000007FFF0200 000040
[    0.000000] ACPI: APIC 0x000000007FFF0240 000054 (v02 VBOX   VBOXAPIC 00000001 ASL  00000061)
[    0.000000] ACPI: SSDT 0x000000007FFF02A0 0001CC (v01 VBOX   VBOXCPUT 00000002 INTL 20100528)
[    0.000000] No NUMA configuration found
[    0.000000] Faking a node at [mem 0x0000000000000000-0x000000007ffeffff]
[    0.000000] NODE_DATA(0) allocated [mem 0x7ffeb000-0x7ffeffff]
[    0.000000] kvm-clock: Using msrs 4b564d01 and 4b564d00
[    0.000000] kvm-clock: cpu 0, msr 0:7ffe3001, primary cpu clock
[    0.000000] kvm-clock: using sched offset of 4178971534 cycles
[    0.000000] clocksource: kvm-clock: mask: 0xffffffffffffffff max_cycles: 0x1cd42e4dffb, max_idle_ns: 881590591483 ns
[    0.000000] Zone ranges:
[    0.000000]   DMA      [mem 0x0000000000001000-0x0000000000ffffff]
[    0.000000]   DMA32    [mem 0x0000000001000000-0x000000007ffeffff]
[    0.000000]   Normal   empty
[    0.000000]   Device   empty
[    0.000000] Movable zone start for each node
[    0.000000] Early memory node ranges
[    0.000000]   node   0: [mem 0x0000000000001000-0x000000000009efff]
[    0.000000]   node   0: [mem 0x0000000000100000-0x000000007ffeffff]
[    0.000000] Initmem setup node 0 [mem 0x0000000000001000-0x000000007ffeffff]
[    0.000000] ACPI: PM-Timer IO Port: 0x4008
[    0.000000] IOAPIC[0]: apic_id 1, version 32, address 0xfec00000, GSI 0-23
[    0.000000] ACPI: INT_SRC_OVR (bus 0 bus_irq 0 global_irq 2 dfl dfl)
[    0.000000] ACPI: INT_SRC_OVR (bus 0 bus_irq 9 global_irq 9 low level)
[    0.000000] Using ACPI (MADT) for SMP configuration information
[    0.000000] smpboot: Allowing 1 CPUs, 0 hotplug CPUs
[    0.000000] PM: Registered nosave memory: [mem 0x00000000-0x00000fff]
[    0.000000] PM: Registered nosave memory: [mem 0x0009f000-0x0009ffff]
[    0.000000] PM: Registered nosave memory: [mem 0x000a0000-0x000effff]
[    0.000000] PM: Registered nosave memory: [mem 0x000f0000-0x000fffff]
[    0.000000] e820: [mem 0x80000000-0xfebfffff] available for PCI devices
[    0.000000] Booting paravirtualized kernel on KVM
[    0.000000] clocksource: refined-jiffies: mask: 0xffffffff max_cycles: 0xffffffff, max_idle_ns: 7645519600211568 ns
[    0.000000] setup_percpu: NR_CPUS:512 nr_cpumask_bits:512 nr_cpu_ids:1 nr_node_ids:1
[    0.000000] PERCPU: Embedded 34 pages/cpu @ffff88007fc00000 s99608 r8192 d31464 u2097152
[    0.000000] PV qspinlock hash table entries: 256 (order: 0, 4096 bytes)
[    0.000000] Built 1 zonelists in Node order, mobility grouping on.  Total pages: 515960
[    0.000000] Policy zone: DMA32
[    0.000000] Kernel command line: BOOT_IMAGE=/boot/vmlinuz-4.4.0-141-generic root=LABEL=cloudimg-rootfs ro console=tty1 console=ttyS0
[    0.000000] PID hash table entries: 4096 (order: 3, 32768 bytes)
[    0.000000] Memory: 2030032K/2096696K available (8568K kernel code, 1314K rwdata, 4008K rodata, 1528K init, 1316K bss, 66664K reserved, 0K cma-reserved)
[    0.000000] SLUB: HWalign=64, Order=0-3, MinObjects=0, CPUs=1, Nodes=1
[    0.000000] Kernel/User page tables isolation: enabled
[    0.000000] Hierarchical RCU implementation.
[    0.000000] 	Build-time adjustment of leaf fanout to 64.
[    0.000000] 	RCU restricting CPUs from NR_CPUS=512 to nr_cpu_ids=1.
[    0.000000] RCU: Adjusting geometry for rcu_fanout_leaf=64, nr_cpu_ids=1
[    0.000000] NR_IRQS:33024 nr_irqs:256 16
[    0.000000] Console: colour VGA+ 80x25
[    0.000000] console [tty1] enabled
[    0.000000] console [ttyS0] enabled
[    0.000000] tsc: Detected 1992.002 MHz processor
[    2.417056] Calibrating delay loop (skipped) preset value.. 3984.00 BogoMIPS (lpj=7968008)
[    2.452129] pid_max: default: 32768 minimum: 301
[    2.453565] ACPI: Core revision 20150930
[    2.482572] ACPI: 2 ACPI AML tables successfully acquired and loaded
[    2.522893] Security Framework initialized
[    2.532836] Yama: becoming mindful.
[    2.541437] AppArmor: AppArmor initialized
[    2.586183] Dentry cache hash table entries: 262144 (order: 9, 2097152 bytes)
[    2.731960] Inode-cache hash table entries: 131072 (order: 8, 1048576 bytes)
[    2.864935] Mount-cache hash table entries: 4096 (order: 3, 32768 bytes)
[    2.904411] Mountpoint-cache hash table entries: 4096 (order: 3, 32768 bytes)
[    2.964721] Initializing cgroup subsys io
[    2.978971] Initializing cgroup subsys memory
[    2.985739] Initializing cgroup subsys devices
[    3.071681] Initializing cgroup subsys freezer
[    3.087358] Initializing cgroup subsys net_cls
[    3.126779] Initializing cgroup subsys perf_event
[    3.145800] Initializing cgroup subsys net_prio
[    3.230200] Initializing cgroup subsys hugetlb
[    3.233128] Initializing cgroup subsys pids
[    3.247417] mce: CPU supports 0 MCE banks
[    3.250742] process: using mwait in idle threads
[    3.302630] Last level iTLB entries: 4KB 64, 2MB 8, 4MB 8
[    3.370835] Last level dTLB entries: 4KB 64, 2MB 0, 4MB 0, 1GB 4
[    3.448300] Spectre V2 : Mitigation: Full generic retpoline
[    3.449683] Spectre V2 : Spectre v2 mitigation: Speculation control IBPB not-supported IBRS not-supported
[    3.458294] Spectre V2 : Spectre v2 / SpectreRSB mitigation: Filling RSB on context switch
[    3.460236] Speculative Store Bypass: Vulnerable
[    3.481858] Freeing SMP alternatives memory: 32K
[    3.498133] ftrace: allocating 32291 entries in 127 pages
[    3.554840] smpboot: APIC(0) Converting physical 0 to logical package 0
[    3.581834] smpboot: Max logical packages: 1
[    3.583015] x2apic enabled
[    3.667725] Switched APIC routing to physical x2apic.
[    3.775512] ..TIMER: vector=0x30 apic1=0 pin1=2 apic2=-1 pin2=-1
[    3.935767] smpboot: CPU0: Intel(R) Core(TM) i7-8550U CPU @ 1.80GHz (family: 0x6, model: 0x8e, stepping: 0xa)
[    4.109759] Performance Events: unsupported p6 CPU model 142 no PMU driver, software events only.
[    4.208965] KVM setup paravirtual spinlock
[    4.254268] x86: Booted up 1 node, 1 CPUs
[    4.270839] smpboot: Total of 1 processors activated (3984.00 BogoMIPS)
[    4.282247] devtmpfs: initialized
[    4.285379] evm: security.selinux
[    4.327969] evm: security.SMACK64
[    4.383629] evm: security.SMACK64EXEC
[    4.392617] evm: security.SMACK64TRANSMUTE
[    4.395349] evm: security.SMACK64MMAP
[    4.415623] evm: security.ima
[    4.422750] evm: security.capability
[    4.456883] clocksource: jiffies: mask: 0xffffffff max_cycles: 0xffffffff, max_idle_ns: 7645041785100000 ns
[    4.476009] futex hash table entries: 256 (order: 2, 16384 bytes)
[    4.518056] pinctrl core: initialized pinctrl subsystem
[    4.539983] RTC time: 22:31:04, date: 01/12/19
[    4.550452] NET: Registered protocol family 16
[    4.565022] cpuidle: using governor ladder
[    4.566410] cpuidle: using governor menu
[    4.567774] PCCT header not found.
[    4.583020] ACPI: bus type PCI registered
[    4.591196] acpiphp: ACPI Hot Plug PCI Controller Driver version: 0.5
[    4.608282] PCI: Using configuration type 1 for base access
[    4.611853] ACPI: Added _OSI(Module Device)
[    4.620098] ACPI: Added _OSI(Processor Device)
[    4.640381] ACPI: Added _OSI(3.0 _SCP Extensions)
[    4.653762] ACPI: Added _OSI(Processor Aggregator Device)
[    4.679380] ACPI: Executed 1 blocks of module-level executable AML code
[    4.766428] ACPI: Interpreter enabled
[    4.767803] ACPI: (supports S0 S5)
[    4.799197] ACPI: Using IOAPIC for interrupt routing
[    4.869976] PCI: Using host bridge windows from ACPI; if necessary, use "pci=nocrs" and report a bug
[    4.892361] ACPI: PCI Root Bridge [PCI0] (domain 0000 [bus 00-ff])
[    4.963323] acpi PNP0A03:00: _OSC: OS supports [ASPM ClockPM Segments MSI]
[    4.964715] acpi PNP0A03:00: _OSC: not requesting OS control; OS requires [ExtendedConfig ASPM ClockPM MSI]
[    5.005778] acpi PNP0A03:00: fail to add MMCONFIG information, can't access extended PCI configuration space under this bridge.
[    5.154288] PCI host bridge to bus 0000:00
[    5.161814] pci_bus 0000:00: root bus resource [io  0x0000-0x0cf7 window]
[    5.170004] pci_bus 0000:00: root bus resource [io  0x0d00-0xffff window]
[    5.198652] pci_bus 0000:00: root bus resource [mem 0x000a0000-0x000bffff window]
[    5.225761] pci_bus 0000:00: root bus resource [mem 0x80000000-0xfdffffff window]
[    5.246721] pci_bus 0000:00: root bus resource [bus 00-ff]
[    5.335682] pci 0000:00:01.1: legacy IDE quirk: reg 0x10: [io  0x01f0-0x01f7]
[    5.376733] pci 0000:00:01.1: legacy IDE quirk: reg 0x14: [io  0x03f6]
[    5.453848] pci 0000:00:01.1: legacy IDE quirk: reg 0x18: [io  0x0170-0x0177]
[    5.455367] pci 0000:00:01.1: legacy IDE quirk: reg 0x1c: [io  0x0376]
[    5.554371] pci 0000:00:07.0: quirk: [io  0x4000-0x403f] claimed by PIIX4 ACPI
[    5.657834] pci 0000:00:07.0: quirk: [io  0x4100-0x410f] claimed by PIIX4 SMB
[    5.677838] ACPI: PCI Interrupt Link [LNKA] (IRQs 5 9 10 *11)
[    5.688645] ACPI: PCI Interrupt Link [LNKB] (IRQs 5 9 *10 11)
[    5.690324] ACPI: PCI Interrupt Link [LNKC] (IRQs 5 *9 10 11)
[    5.691985] ACPI: PCI Interrupt Link [LNKD] (IRQs 5 9 10 *11)
[    5.693710] ACPI: Enabled 2 GPEs in block 00 to 07
[    5.694944] vgaarb: setting as boot device: PCI:0000:00:02.0
[    5.702334] vgaarb: device added: PCI:0000:00:02.0,decodes=io+mem,owns=io+mem,locks=none
[    5.767061] vgaarb: loaded
[    5.806264] vgaarb: bridge control possible 0000:00:02.0
[    5.858015] SCSI subsystem initialized
[    5.932849] ACPI: bus type USB registered
[    5.961612] usbcore: registered new interface driver usbfs
[    6.003011] usbcore: registered new interface driver hub
[    6.050122] usbcore: registered new device driver usb
[    6.091497] PCI: Using ACPI for IRQ routing
[    6.095555] NetLabel: Initializing
[    6.111640] NetLabel:  domain hash size = 128
[    6.122580] NetLabel:  protocols = UNLABELED CIPSOv4
[    6.170162] NetLabel:  unlabeled traffic allowed by default
[    6.248604] amd_nb: Cannot enumerate AMD northbridges
[    6.250471] clocksource: Switched to clocksource kvm-clock
[    6.289068] AppArmor: AppArmor Filesystem Enabled
[    6.331392] pnp: PnP ACPI init
[    6.333047] pnp: PnP ACPI: found 3 devices
[    6.409777] clocksource: acpi_pm: mask: 0xffffff max_cycles: 0xffffff, max_idle_ns: 2085701024 ns
[    6.449477] NET: Registered protocol family 2
[    6.457511] TCP established hash table entries: 16384 (order: 5, 131072 bytes)
[    6.465843] TCP bind hash table entries: 16384 (order: 6, 262144 bytes)
[    6.529117] TCP: Hash tables configured (established 16384 bind 16384)
[    6.578927] UDP hash table entries: 1024 (order: 3, 32768 bytes)
[    6.580783] UDP-Lite hash table entries: 1024 (order: 3, 32768 bytes)
[    6.582681] NET: Registered protocol family 1
[    6.590242] pci 0000:00:00.0: Limiting direct PCI/PCI transfers
[    6.641277] pci 0000:00:01.0: Activating ISA DMA hang workarounds
[    6.649908] Unpacking initramfs...
[    6.885310] Freeing initrd memory: 14800K
[    6.944029] platform rtc_cmos: registered platform RTC device (no PNP device found)
[    6.968256] Scanning for low memory corruption every 60 seconds
[    7.057723] audit: initializing netlink subsys (disabled)
[    7.076577] audit: type=2000 audit(1547332267.548:1): initialized
[    7.093141] Initialise system trusted keyring
[    7.140280] HugeTLB registered 2 MB page size, pre-allocated 0 pages
[    7.144375] zbud: loaded
[    7.170782] VFS: Disk quotas dquot_6.6.0
[    7.253319] VFS: Dquot-cache hash table entries: 512 (order 0, 4096 bytes)
[    7.276967] squashfs: version 4.0 (2009/01/31) Phillip Lougher
[    7.323406] fuse init (API version 7.23)
[    7.362105] Key type big_key registered
[    7.406969] Allocating IMA MOK and blacklist keyrings.
[    7.456926] Key type asymmetric registered
[    7.457776] Asymmetric key parser 'x509' registered
[    7.458771] Block layer SCSI generic (bsg) driver version 0.4 loaded (major 249)
[    7.460326] io scheduler noop registered
[    7.529551] io scheduler deadline registered (default)
[    7.551011] io scheduler cfq registered
[    7.561507] pci_hotplug: PCI Hot Plug PCI Core version: 0.5
[    7.583892] pciehp: PCI Express Hot Plug Controller Driver version: 0.4
[    7.642456] ACPI: AC Adapter [AC] (on-line)
[    7.692826] input: Power Button as /devices/LNXSYSTM:00/LNXPWRBN:00/input/input0
[    7.786894] ACPI: Power Button [PWRF]
[    7.808953] input: Sleep Button as /devices/LNXSYSTM:00/LNXSLPBN:00/input/input1
[    7.825143] ACPI: Sleep Button [SLPF]
[    7.826975] ACPI: Battery Slot [BAT0] (battery present)
[    7.828469] GHES: HEST is not enabled!
[    7.829793] Serial: 8250/16550 driver, 32 ports, IRQ sharing enabled
[    7.853682] 00:02: ttyS0 at I/O 0x3f8 (irq = 4, base_baud = 115200) is a 16550A
[    7.870641] Linux agpgart interface v0.103
[    7.878927] loop: module loaded
[    7.899829] scsi host0: ata_piix
[    7.922901] scsi host1: ata_piix
[    7.923705] ata1: PATA max UDMA/33 cmd 0x1f0 ctl 0x3f6 bmdma 0xd000 irq 14
[    7.925033] ata2: PATA max UDMA/33 cmd 0x170 ctl 0x376 bmdma 0xd008 irq 15
[    7.926611] libphy: Fixed MDIO Bus: probed
[    7.927471] tun: Universal TUN/TAP device driver, 1.6
[    7.943617] tun: (C) 1999-2004 Max Krasnyansky <maxk@qualcomm.com>
[    7.952673] tsc: Refined TSC clocksource calibration: 1993.473 MHz
[    8.039916] clocksource: tsc: mask: 0xffffffffffffffff max_cycles: 0x3978309cf37, max_idle_ns: 881590433942 ns
[    8.072815] PPP generic driver version 2.4.2
[    8.122934] ehci_hcd: USB 2.0 'Enhanced' Host Controller (EHCI) Driver
[    8.202885] ehci-pci: EHCI PCI platform driver
[    8.253768] ehci-platform: EHCI generic platform driver
[    8.282545] ohci_hcd: USB 1.1 'Open' Host Controller (OHCI) Driver
[    8.283774] ohci-pci: OHCI PCI platform driver
[    8.327937] ohci-platform: OHCI generic platform driver
[    8.342912] uhci_hcd: USB Universal Host Controller Interface driver
[    8.421350] i8042: PNP: PS/2 Controller [PNP0303:PS2K,PNP0f03:PS2M] at 0x60,0x64 irq 1,12
[    8.423400] serio: i8042 KBD port at 0x60,0x64 irq 1
[    8.424425] serio: i8042 AUX port at 0x60,0x64 irq 12
[    8.425505] mousedev: PS/2 mouse device common for all mice
[    8.426845] input: AT Translated Set 2 keyboard as /devices/platform/i8042/serio0/input/input2
[    8.450079] rtc_cmos rtc_cmos: rtc core: registered rtc_cmos as rtc0
[    8.485258] rtc_cmos rtc_cmos: alarms up to one day, 114 bytes nvram
[    8.576785] i2c /dev entries driver
[    8.580194] device-mapper: uevent: version 1.0.3
[    8.581809] device-mapper: ioctl: 4.34.0-ioctl (2015-10-28) initialised: dm-devel@redhat.com
[    8.642359] ledtrig-cpu: registered to indicate activity on CPUs
[    8.650746] NET: Registered protocol family 10
[    8.671870] NET: Registered protocol family 17
[    8.704365] Key type dns_resolver registered
[    8.740939] registered taskstats version 1
[    8.761615] Loading compiled-in X.509 certificates
[    8.807747] Loaded X.509 cert 'Build time autogenerated kernel key: 7c9fb337b82e5a343493fe891c556beae1895c7c'
[    8.859817] zswap: loaded using pool lzo/zbud
[    8.883409] Key type trusted registered
[    8.895038] Key type encrypted registered
[    8.896024] AppArmor: AppArmor sha1 policy hashing enabled
[    8.903933] ima: No TPM chip found, activating TPM-bypass!
[    8.913794] ima: Allocated hash algorithm: sha1
[    8.923986] evm: HMAC attrs: 0x1
[    8.933458]   Magic number: 3:682:552
[    8.934509] tty ttyS28: hash matches
[    8.942450] acpi PNP0C0F:03: hash matches
[    8.943445] rtc_cmos rtc_cmos: setting system clock to 2019-01-12 22:31:09 UTC (1547332269)
[    8.945217] BIOS EDD facility v0.16 2004-Jun-25, 0 devices found
[    8.952281] EDD information not available.
[    8.961256] Freeing unused kernel memory: 1528K
[    8.998587] Write protecting the kernel read-only data: 14336k
[    9.049673] Freeing unused kernel memory: 1660K
[    9.064744] Freeing unused kernel memory: 88K
Loading, please wait...
[    9.077665] random: udevadm: uninitialized urandom read (16 bytes read, 5 bits of entropy available)
starting version[    9.086632] random: systemd-udevd: uninitialized urandom read (16 bytes read, 5 bits of entropy available)
 229
[    9.156614] random: udevadm: uninitialized urandom read (16 bytes read, 5 bits of entropy available)
[    9.211089] random: udevadm: uninitialized urandom read (16 bytes read, 5 bits of entropy available)
[    9.244701] random: systemd-udevd: uninitialized urandom read (16 bytes read, 5 bits of entropy available)
[    9.271283] random: systemd-udevd: uninitialized urandom read (16 bytes read, 5 bits of entropy available)
[    9.352186] random: udevadm: uninitialized urandom read (16 bytes read, 5 bits of entropy available)
[    9.382984] random: udevadm: uninitialized urandom read (16 bytes read, 5 bits of entropy available)
[    9.408981] random: udevadm: uninitialized urandom read (16 bytes read, 5 bits of entropy available)
[    9.525436] random: systemd-udevd: uninitialized urandom read (16 bytes read, 5 bits of entropy available)
[    9.681735] e1000: Intel(R) PRO/1000 Network Driver - version 7.3.21-k8-NAPI
[    9.761666] e1000: Copyright (c) 1999-2006 Intel Corporation.
[    9.787598] Fusion MPT base driver 3.04.20
[    9.832920] Copyright (c) 1999-2008 LSI Corporation
[    9.927626] AVX2 version of gcm_enc/dec engaged.
[    9.983479] AES CTR mode by8 optimization enabled
[   10.022559] Fusion MPT SPI Host driver 3.04.20
[   10.103915] input: ImExPS/2 Generic Explorer Mouse as /devices/platform/i8042/serio1/input/input4
[   10.391388] e1000 0000:00:03.0 eth0: (PCI:33MHz:32-bit) 02:e9:22:0c:6f:83
[   10.491044] e1000 0000:00:03.0 eth0: Intel(R) PRO/1000 Network Connection
[   10.520203] mptbase: ioc0: Initiating bringup
[   10.583377] ioc0: LSI53C1030 A0: Capabilities={Initiator}
[   10.840946] scsi host2: ioc0: LSI53C1030 A0, FwRev=00000000h, Ports=1, MaxQ=256, IRQ=20
[   11.011819] scsi 2:0:0:0: Direct-Access     VBOX     HARDDISK         1.0  PQ: 0 ANSI: 5
[   11.056601] scsi target2:0:0: Beginning Domain Validation
[   11.144454] scsi target2:0:0: Domain Validation skipping write tests
[   11.162463] scsi target2:0:0: Ending Domain Validation
[   11.217358] scsi target2:0:0: asynchronous
[   11.263859] scsi 2:0:1:0: Direct-Access     VBOX     HARDDISK         1.0  PQ: 0 ANSI: 5
[   11.307536] scsi target2:0:1: Beginning Domain Validation
[   11.366583] scsi target2:0:1: Domain Validation skipping write tests
[   11.407118] scsi target2:0:1: Ending Domain Validation
[   11.474714] scsi target2:0:1: asynchronous
[   11.587058] sd 2:0:0:0: Attached scsi generic sg0 type 0
[   11.648154] sd 2:0:0:0: [sda] 20971520 512-byte logical blocks: (10.7 GB/10.0 GiB)
[   11.700130] e1000 0000:00:08.0 eth1: (PCI:33MHz:32-bit) 08:00:27:8a:21:1e
[   11.722078] e1000 0000:00:08.0 eth1: Intel(R) PRO/1000 Network Connection
[   11.807222] sd 2:0:0:0: [sda] Write Protect is off
[   11.841955] sd 2:0:1:0: Attached scsi generic sg1 type 0
[   11.888930] sd 2:0:1:0: [sdb] 20480 512-byte logical blocks: (10.5 MB/10.0 MiB)
[   12.001887] sd 2:0:0:0: [sda] Incomplete mode parameter data
[   12.036671] sd 2:0:0:0: [sda] Assuming drive cache: write through
[   12.090654] e1000 0000:00:08.0 enp0s8: renamed from eth1
[   12.157969] sd 2:0:1:0: [sdb] Write Protect is off
[   12.205393] e1000 0000:00:03.0 enp0s3: renamed from eth0
[   12.208963] sd 2:0:1:0: [sdb] Incomplete mode parameter data
[   12.210162] sd 2:0:1:0: [sdb] Assuming drive cache: write through
[   12.281730]  sda: sda1
[   12.283384] sd 2:0:0:0: [sda] Attached SCSI disk
[   12.326268] sd 2:0:1:0: [sdb] Attached SCSI disk
Begin: Loading e[   13.789015] md: linear personality registered for level -1
ssential drivers[   13.931656] md: multipath personality registered for level -4
 ... [   14.007142] md: raid0 personality registered for level 0
[   14.019819] md: raid1 personality registered for level 1
[   14.114901] raid6: sse2x1   gen() 10670 MB/s
[   14.262538] raid6: sse2x1   xor()  8762 MB/s
[   14.338846] raid6: sse2x2   gen() 13833 MB/s
[   14.422870] raid6: sse2x2   xor()  9841 MB/s
[   14.530725] raid6: sse2x4   gen() 16172 MB/s
[   14.706956] raid6: sse2x4   xor() 10642 MB/s
[   14.822633] raid6: avx2x1   gen() 23412 MB/s
[   14.986949] raid6: avx2x2   gen() 26440 MB/s
[   15.154834] raid6: avx2x4   gen() 30201 MB/s
[   15.205636] raid6: using algorithm avx2x4 gen() 30201 MB/s
[   15.206711] raid6: using avx2x2 recovery algorithm
[   15.209170] xor: automatically using best checksumming function:
[   15.246556]    avx       : 28399.000 MB/sec
[   15.284196] async_tx: api initialized (async)
[   15.302263] md: raid6 personality registered for level 6
[   15.349939] md: raid5 personality registered for level 5
[   15.388076] md: raid4 personality registered for level 4
[   15.404098] md: raid10 personality registered for level 10
done.
Begin: Running /scripts/init-premount ... done.
Begin: Mounting[   15.454785] Btrfs loaded
 root file system ... Begin: Running /scripts/local-top ... done.
Begin: Running /scripts/local-premount ... Scanning for Btrfs filesystems
done.
Warning: fsck not present, so skipping root file system
[   15.637270] EXT4-fs (sda1): mounted filesystem with ordered data mode. Opts: (null)
done.
Begin: Running /scripts/local-bottom ... done.
Begin: Running /scripts/init-bottom ... done.
[   16.325073] systemd[1]: systemd 229 running in system mode. (+PAM +AUDIT +SELINUX +IMA +APPARMOR +SMACK +SYSVINIT +UTMP +LIBCRYPTSETUP +GCRYPT +GNUTLS +ACL +XZ -LZ4 +SECCOMP +BLKID +ELFUTILS +KMOD -IDN)
[   16.393981] systemd[1]: Detected virtualization oracle.
[   16.395034] systemd[1]: Detected architecture x86-64.
[   16.459494] random: nonblocking pool is initialized

Welcome to [1mUbuntu 16.04.5 LTS[0m!

[   16.523144] systemd[1]: Set hostname to <terraform-box>.
[   17.761375] systemd[1]: Listening on udev Control Socket.
[[0;32m  OK  [0m] Listening on udev Control Socket.
[   17.959536] systemd[1]: Listening on Device-mapper event daemon FIFOs.
[[0;32m  OK  [0m] Listening on Device-mapper event daemon FIFOs.
[   18.119419] systemd[1]: Listening on Journal Socket.
[[0;32m  OK  [0m] Listening on Journal Socket.
[   18.231333] systemd[1]: Listening on LVM2 metadata daemon socket.
[[0;32m  OK  [0m] Listening on LVM2 metadata daemon socket.
[   18.435329] systemd[1]: Started Trigger resolvconf update for networkd DNS.
[[0;32m  OK  [0m] Started Trigger resolvconf update for networkd DNS.
[   18.531524] systemd[1]: Listening on udev Kernel Socket.
[[0;32m  OK  [0m] Listening on udev Kernel Socket.
[   18.627160] systemd[1]: Created slice User and Session Slice.
[[0;32m  OK  [0m] Created slice User and Session Slice.
[   18.661883] systemd[1]: Listening on Journal Socket (/dev/log).
[[0;32m  OK  [0m] Listening on Journal Socket (/dev/log).
[   18.666632] systemd[1]: Reached target System Time Synchronized.
[[0;32m  OK  [0m] Reached target System Time Synchronized.
[   18.673830] systemd[1]: Set up automount Arbitrary Executable File Formats File System Automount Point.
[[0;32m  OK  [0m] Set up automount Arbitrary Executab...ats File System Automount Point.
[   18.696854] systemd[1]: Reached target User and Group Name Lookups.
[[0;32m  OK  [0m] Reached target User and Group Name Lookups.
[   18.715365] systemd[1]: Reached target Swap.
[[0;32m  OK  [0m] Reached target Swap.
[   18.747936] systemd[1]: Listening on Journal Audit Socket.
[[0;32m  OK  [0m] Listening on Journal Audit Socket.
[   18.882961] systemd[1]: Listening on LVM2 poll daemon socket.
[[0;32m  OK  [0m] Listening on LVM2 poll daemon socket.
[   19.043563] systemd[1]: Listening on Syslog Socket.
[[0;32m  OK  [0m] Listening on Syslog Socket.
[   19.052532] systemd[1]: Created slice System Slice.
[[0;32m  OK  [0m] Created slice System Slice.
[   19.128138] systemd[1]: Mounting Huge Pages File System...
         Mounting Huge Pages File System...
[   19.270613] systemd[1]: Mounting Debug File System...
         Mounting Debug File System...
[   19.351495] systemd[1]: Starting Set console keymap...
         Starting Set console keymap...
[   19.415670] systemd[1]: Mounting POSIX Message Queue File System...
         Mounting POSIX Message Queue File System...
[   19.521996] systemd[1]: Created slice system-serial\x2dgetty.slice.
[[0;32m  OK  [0m] Created slice system-serial\x2dgetty.slice.
[   19.686388] systemd[1]: Starting Remount Root and Kernel File Systems...
         Starting Remount Root and Kernel File Systems...[   19.814038] EXT4-fs (sda1): re-mounted. Opts: (null)

[   19.895376] systemd[1]: Reached target Slices.
[[0;32m  OK  [0m] Reached target Slices.
[   19.986288] systemd[1]: Starting Nameserver information manager...
         Starting Nameserver information manager...
[   20.070687] systemd[1]: Starting Load Kernel Modules...
         Starting Load Kernel Modules...
[   20.143466] systemd[1]: Starting Monitoring of LVM2 mirrors, snapshots etc. using dmeventd or progress polling...
         Starting Monitoring of LVM2 mirrors... dmeventd or progress polling...
[   20.209494] systemd[1]: Starting Journal Service...
[   20.260889] Loading iSCSI transport class v2.0-870.
         Starting Journal Service...
[   20.366763] systemd[1]: Reached target Encrypted Volumes.
[[0;32m  OK  [0m] Reached target Encrypted Volu[   20.416196] iscsi: registered transport (tcp)
mes.
[   20.450802] systemd[1]: Listening on /dev/initctl Compatibility Named Pipe.
[[0;32m  OK  [0m] Listening on /dev/initctl Compatibility Named Pipe.
[   20.526181] systemd[1]: Starting Uncomplicated firewall...
         Starting Uncomplicated firewall...
[   20.570197] systemd[1]: Started Forward Password Requests to Wall Directory Watch.
[[0;32m  OK  [0m] Started Forward Password Requests to Wall Directory Watch.
[   20.598782] systemd[1]: Starting Create list of required static device nodes for the current kernel...
         Starting Create list of required st... nodes for the current kernel...
[   20.692848] systemd[1]: Mounted Huge Pages File System.
[[0;32m  OK  [0m] Mounted Huge Pages File System.
[   20.758857] systemd[1]: Mounted POSIX Message Queue File System.
[[0;32m  OK  [0m] Mounted POSIX Message Queue File System.
[   20.841266] iscsi: registered transport (iser)
[   20.860635] systemd[1]: Mounted Debug File System.
[[0;32m  OK  [0m] Mounted Debug File System.
[   20.871138] systemd[1]: Started Journal Service.
[[0;32m  OK  [0m] Started Journal Service.
[[0;32m  OK  [0m] Started Set console keymap.
[[0;32m  OK  [0m] Started Remount Root and Kernel File Systems.
[[0;32m  OK  [0m] Started Load Kernel Modules.
[[0;32m  OK  [0m] Started Uncomplicated firewall.
[[0;32m  OK  [0m] Started Create list of required sta...ce nodes for the current kernel.
[[0;32m  OK  [0m] Started Nameserver information manager.
[[0;32m  OK  [0m] Started LVM2 metadata daemon.
         Starting Create Static Device Nodes in /dev...
         Mounting FUSE Control File System...
         Starting Apply Kernel Variables...
         Starting udev Coldplug all Devices...
         Starting Load/Save Random Seed...
         Starting Flush Journal to Persistent Storage...
[[0;32m  OK  [0m] Mounted FUSE Control File System.
[[0;32m  OK  [0m] Started Monitoring of LVM2 mirrors,...ng dmeventd or progress polling.
[[0;32m  OK  [0m] Started Create Static Device Nodes in /dev.
[[0;32m  OK  [0m] Started Apply Kernel Variables.
[[0;32m  OK  [0m] Started Load/Save Random Seed.
[[0;32m  OK  [0m] Started udev Coldplug all Devices.
         Starting udev Kernel Device Manager...
[[0;32m  OK  [0m] Reached target Local File Systems (Pre).
[[0;32m  OK  [0m] Reached target Local File Systems.
         Starting Tell Plymouth To Write Out Runtime Data...
         Starting LSB: AppArmor initialization...
         Starting Initial cloud-init job (pre-networking)...
         Starting Set console font and keymap...
[[0;32m  OK  [0m] Started udev Kernel Device Manager.
[[0;32m  OK  [0m] Started Flush Journal to Persistent Storage.
[[0;32m  OK  [0m] Started Tell Plymouth To Write Out Runtime Data.
         Starting Create Volatile Files and Directories...
[[0;32m  OK  [0m] Started Dispatch Password Requests to Console Directory Watch.
[[0;32m  OK  [0m] Found device /dev/ttyS0.
[[0;32m  OK  [0m] Started Create Volatile Files and Directories.
         Starting Update UTMP about System Boot/Shutdown...
[[0;32m  OK  [0m] Listening on Load/Save RF Kill Switch Status /dev/rfkill Watch.
[[0;32m  OK  [0m] Started Update UTMP about System Boot/Shutdown.
[[0;32m  OK  [0m] Started Set console font and keymap.
[[0;32m  OK  [0m] Created slice system-getty.slice.
[[0;32m  OK  [0m] Found device 82540EM Gigabit Ethern...r (PRO/1000 MT Desktop Adapter).
[[0;32m  OK  [0m] Found device 82540EM Gigabit Ethern...r (PRO/1000 MT Desktop Adapter).
[[0;32m  OK  [0m] Started LSB: AppArmor initialization.
[   23.293007] cloud-init[480]: Cloud-init v. 18.4-0ubuntu1~16.04.2 running 'init-local' at Sat, 12 Jan 2019 22:31:28 +0000. Up 22.54 seconds.
[[0;32m  OK  [0m] Started Initial cloud-init job (pre-networking).
[[0;32m  OK  [0m] Reached target Network (Pre).
         Starting Raise network interfaces...
[[0;32m  OK  [0m] Started ifup for enp0s8.
[[0;32m  OK  [0m] Started ifup for enp0s3.
[[0;32m  OK  [0m] Started Raise network interfaces.
         Starting Initial cloud-init job (metadata service crawler)...
[[0;32m  OK  [0m] Reached target Network.
[   25.268098] cloud-init[1323]: Cloud-init v. 18.4-0ubuntu1~16.04.2 running 'init' at Sat, 12 Jan 2019 22:31:30 +0000. Up 24.53 seconds.
[   25.432754] cloud-init[1323]: ci-info: ++++++++++++++++++++++++++++++++++++++Net device info+++++++++++++++++++++++++++++++++++++++
[[0;32m  OK  [0m] Started Initial cloud-init job (metadata service crawler).
[   25.595840] cloud-init[1323]: ci-info: +--------+------+-----------------------------+---------------+--------+-------------------+
[   25.804595] cloud-init[1323]: ci-info: | Device |  Up  |           Address           |      Mask     | Scope  |     Hw-Address    |
[   25.945568] cloud-init[1323]: ci-info: +--------+------+-----------------------------+---------------+--------+-------------------+
[[0;32m  OK  [0m] Reached target System Initialization.
[[0;32m  OK  [0m] Listening on ACPID Listen Socket.
[   26.055045] cloud-init[1323]: ci-info: | enp0s3 | True |          10.0.2.15          | 255.255.255.0 | global | 02:e9:22:0c:6f:83 |
[[0;32m  OK  [0m] Listening on UUID daemon activation socket.
[   26.338468] cloud-init[1323]: ci-info: | enp0s3 | True |  fe80::e9:22ff:fe0c:6f83/64 |       .       |  link  | 02:e9:22:0c:6f:83 |
[[0;32m  OK  [0m] Started Daily Cleanup of Temporary Directories.
         Starting Docker Socket for the API.
[   26.575246] cloud-init[1323]: ci-info: | enp0s8 | True |        192.168.33.50        | 255.255.255.0 | global | 08:00:27:8a:21:1e |
[[0;32m  OK  [0m] Listening on D-Bus System Message Bus Socket.
[   26.905994] cloud-init[1323]: ci-info: | enp0s8 | True | fe80::a00:27ff:fe8a:211e/64 |       .       |  link  | 08:00:27:8a:21:1e |
[   27.092981] cloud-init[1323]: ci-info: |   lo   | True |          127.0.0.1          |   255.0.0.0   |  host  |         .         |
         Starting LXD - unix socket.[   27.108540] cloud-init[1323]: ci-info: |   lo   | True |           ::1/128           |       .       |  host  |         .         |
[   27.109657] cloud-init[1323]: ci-info: +--------+------+-----------------------------+---------------+--------+-------------------+
[   27.109712] cloud-init[1323]: ci-info: ++++++++++++++++++++++++++++Route IPv4 info++++++++++++++++++++++++++++
[   27.109759] cloud-init[1323]: ci-info: +-------+--------------+----------+---------------+-----------+-------+
[   27.109813] cloud-init[1323]: ci-info: | Route | Destination  | Gateway  |    Genmask    | Interface | Flags |
[   27.109859] cloud-init[1323]: ci-info: +-------+--------------+----------+---------------+-----------+-------+
[   27.109903] cloud-init[1323]: ci-info: |   0   |   0.0.0.0    | 10.0.2.2 |    0.0.0.0    |   enp0s3  |   UG  |
[   27.109946] cloud-init[1323]: ci-info: |   1   |   10.0.2.0   | 0.0.0.0  | 255.255.255.0 |   enp0s3  |   U   |
[   27.109986] cloud-init[1323]: ci-info: |   2   | 192.168.33.0 | 0.0.0.0  | 255.255.255.0 |   enp0s8  |   U   |
[   27.110040] cloud-init[1323]: ci-info: +-------+--------------+----------+---------------+-----------+-------+
[   27.110085] cloud-init[1323]: ci-info: +++++++++++++++++++Route IPv6 info+++++++++++++++++++
[   27.110128] cloud-init[1323]: ci-info: +-------+-------------+---------+-----------+-------+
[   27.110231] cloud-init[1323]: ci-info: | Route | Destination | Gateway | Interface | Flags |
[   27.110283] cloud-init[1323]: ci-info: +-------+-------------+---------+-----------+-------+
[   27.110327] cloud-init[1323]: ci-info: |   0   |  fe80::/64  |    ::   |   enp0s8  |   U   |
[   27.110370] cloud-init[1323]: ci-info: |   1   |  fe80::/64  |    ::   |   enp0s3  |   U   |
[   27.110412] cloud-init[1323]: ci-info: |   4   |   ff00::/8  |    ::   |   enp0s8  |   U   |
[   27.110454] cloud-init[1323]: ci-info: |   5   |   ff00::/8  |    ::   |   enp0s3  |   U   |
[   27.110498] cloud-init[1323]: ci-info: +-------+-------------+---------+-----------+-------+

         Starting Socket activation for snappy daemon.
[[0;32m  OK  [0m] Started Daily apt download activities.
[[0;32m  OK  [0m] Started Daily apt upgrade and clean activities.
[[0;32m  OK  [0m] Reached target Timers.
[[0;32m  OK  [0m] Started ACPI Events Check.
[[0;32m  OK  [0m] Reached target Paths.
[[0;32m  OK  [0m] Reached target Network is Online.
         Starting iSCSI initiator daemon (iscsid)...
[[0;32m  OK  [0m] Reached target Cloud-config availability.
[[0;32m  OK  [0m] Listening on Docker Socket for the API.
[[0;32m  OK  [0m] Listening on LXD - unix socket.
[[0;32m  OK  [0m] Listening on Socket activation for snappy daemon.
[[0;32m  OK  [0m] Reached target Sockets.
[[0;32m  OK  [0m] Reached target Basic System.
[[0;32m  OK  [0m] Started Regular background program processing daemon.
[[0;32m  OK  [0m] Started FUSE filesystem for LXC.
         Starting Login Service...
         Starting System Logging Service...
[[0;32m  OK  [0m] Started ACPI event daemon.
[[0;32m  OK  [0m] Started D-Bus System Message Bus.
         Starting Accounts Service...
[[0;32m  OK  [0m] Started Unattended Upgrades Shutdown.
         Starting LXD - container startup/shutdown...
         Starting Virtualbox guest utils...
         Starting Ubuntu FAN network setup...
         Starting /etc/rc.local Compatibility...
         Starting OpenBSD Secure Shell server...
         Starting LSB: MD monitoring daemon...
[[0;32m  OK  [0m] Started Deferred execution scheduler.
         Starting Docker Application Container Engine...
         Starting LSB: Record successful boot for GRUB...
         Starting Snappy daemon...
[[0;32m  OK  [0m] Started System Logging Service.
[[0;32m  OK  [0m] Started iSCSI initiator daemon (iscsid).
[[0;32m  OK  [0m] Started Ubuntu FAN network setup.
[[0;32m  OK  [0m] Started /etc/rc.local Compatibility.
[[0;32m  OK  [0m] Started Login Service.
         Starting Login to default iSCSI targets...
[[0;32m  OK  [0m] Started LSB: Record successful boot for GRUB.
[[0;32m  OK  [0m] Started Login to default iSCSI targets.
[[0;32m  OK  [0m] Reached target Remote File Systems (Pre).
[[0;32m  OK  [0m] Reached target Remote File Systems.
         Starting LSB: Set up cgroupfs mounts....
         Starting Permit User Sessions...
         Starting LSB: automatic crash report generation...
         Starting LSB: Set the CPU Frequency Scaling governor to "ondemand"...
         Starting LSB: daemon to balance interrupts for SMP systems...
[[0;32m  OK  [0m] Started LSB: MD monitoring daemon.
[[0;32m  OK  [0m] Started LSB: Set up cgroupfs mounts..
[[0;32m  OK  [0m] Started Permit User Sessions.
[[0;32m  OK  [0m] Started LSB: Set the CPU Frequency Scaling governor to "ondemand".
         Starting Hold until boot process finishes up...
         Starting Terminate Plymouth Boot Screen...
[[0;32m  OK  [0m] Started Hold until boot process finishes up.
[[0;32m  OK  [0m] Started Terminate Plymouth Boot Screen.
[[0;32m  OK  [0m] Started Getty on tty1.
         Starting Set console scheme...
[[0;32m  OK  [0m] Started Serial Getty on ttyS0.
[[0;32m  OK  [0m] Reached target Login Prompts.
[[0;32m  OK  [0m] Started LSB: automatic crash report generation.
[[0;32m  OK  [0m] Started Set console scheme.
[[0;32m  OK  [0m] Started LSB: daemon to balance interrupts for SMP systems.
[[0;32m  OK  [0m] Started Virtualbox guest utils.
[[0;32m  OK  [0m] Started OpenBSD Secure Shell server.
         Starting Authenticate and Authorize Users to Run Privileged Tasks...
[[0;32m  OK  [0m] Started Authenticate and Authorize Users to Run Privileged Tasks.
[[0;32m  OK  [0m] Started Accounts Service.
[[0;32m  OK  [0m] Created slice User Slice of vagrant.
         Starting User Manager for UID 1000...
[[0;32m  OK  [0m] Started Session 1 of user vagrant.
[[0;32m  OK  [0m] Started User Manager for UID 1000.
[[0;32m  OK  [0m] Started Snappy daemon.
         Starting Wait until snapd is fully seeded...
[[0;32m  OK  [0m] Started Wait until snapd is fully seeded.
         Starting Apply the settings specified in cloud-config...
[   35.788588] cloud-init[1659]: Cloud-init v. 18.4-0ubuntu1~16.04.2 running 'modules:config' at Sat, 12 Jan 2019 22:31:41 +0000. Up 35.42 seconds.

Ubuntu 16.04.5 LTS terraform-box ttyS0

terraform-box login: [   39.716364] cloud-init[2237]: Cloud-init v. 18.4-0ubuntu1~16.04.2 running 'modules:final' at Sat, 12 Jan 2019 22:31:45 +0000. Up 39.55 seconds.
[   39.716725] cloud-init[2237]: Cloud-init v. 18.4-0ubuntu1~16.04.2 finished at Sat, 12 Jan 2019 22:31:46 +0000. Datasource DataSourceNoCloud [seed=/dev/sdb][dsmode=net].  Up 39.70 seconds
